{"/Volumes/Samsung_T5/SubProject/maumlab-assignment/renderer/src/commons/contexts/AlertMessageContext.tsx": {"path":"/Volumes/Samsung_T5/SubProject/maumlab-assignment/renderer/src/commons/contexts/AlertMessageContext.tsx","statementMap":{"0":{"start":{"line":28,"column":14},"end":{"line":28,"column":34}},"1":{"start":{"line":28,"column":36},"end":{"line":28,"column":51}},"2":{"start":{"line":28,"column":53},"end":{"line":28,"column":72}},"3":{"start":{"line":1,"column":21},"end":{"line":1,"column":null}},"4":{"start":{"line":2,"column":25},"end":{"line":2,"column":null}},"5":{"start":{"line":4,"column":31},"end":{"line":26,"column":1}},"6":{"start":{"line":5,"column":42},"end":{"line":9,"column":17}},"7":{"start":{"line":11,"column":27},"end":{"line":20,"column":3}},"8":{"start":{"line":15,"column":4},"end":{"line":19,"column":7}},"9":{"start":{"line":22,"column":2},"end":{"line":25,"column":4}},"10":{"start":{"line":29,"column":2},"end":{"line":32,"column":null}},"11":{"start":{"line":31,"column":13},"end":{"line":31,"column":31}},"12":{"start":{"line":32,"column":13},"end":{"line":32,"column":35}}},"fnMap":{"0":{"name":"(anonymous_1)","decl":{"start":{"line":28,"column":34},"end":{"line":28,"column":36}},"loc":{"start":{"line":28,"column":14},"end":{"line":28,"column":34}}},"1":{"name":"(anonymous_2)","decl":{"start":{"line":28,"column":51},"end":{"line":28,"column":53}},"loc":{"start":{"line":28,"column":36},"end":{"line":28,"column":51}}},"2":{"name":"(anonymous_3)","decl":{"start":{"line":28,"column":72},"end":{"line":28,"column":73}},"loc":{"start":{"line":28,"column":53},"end":{"line":28,"column":72}}},"3":{"name":"(anonymous_5)","decl":{"start":{"line":4,"column":31},"end":{"line":4,"column":37}},"loc":{"start":{"line":4,"column":37},"end":{"line":26,"column":1}}},"4":{"name":"(anonymous_6)","decl":{"start":{"line":11,"column":27},"end":{"line":11,"column":null}},"loc":{"start":{"line":14,"column":7},"end":{"line":20,"column":3}}},"5":{"name":"(anonymous_7)","decl":{"start":{"line":31,"column":4},"end":{"line":31,"column":9}},"loc":{"start":{"line":31,"column":13},"end":{"line":31,"column":31}}},"6":{"name":"(anonymous_8)","decl":{"start":{"line":32,"column":4},"end":{"line":32,"column":9}},"loc":{"start":{"line":32,"column":13},"end":{"line":32,"column":35}}}},"branchMap":{},"s":{"0":7,"1":9,"2":25,"3":1,"4":1,"5":1,"6":8,"7":8,"8":1,"9":8,"10":1,"11":8,"12":8},"f":{"0":7,"1":9,"2":25,"3":8,"4":1,"5":8,"6":8},"b":{}}
,"/Volumes/Samsung_T5/SubProject/maumlab-assignment/renderer/src/commons/contexts/AuthContext.tsx": {"path":"/Volumes/Samsung_T5/SubProject/maumlab-assignment/renderer/src/commons/contexts/AuthContext.tsx","statementMap":{"0":{"start":{"line":39,"column":2},"end":{"line":39,"column":14}},"1":{"start":{"line":40,"column":2},"end":{"line":40,"column":10}},"2":{"start":{"line":41,"column":2},"end":{"line":41,"column":11}},"3":{"start":{"line":42,"column":2},"end":{"line":42,"column":17}},"4":{"start":{"line":43,"column":2},"end":{"line":43,"column":18}},"5":{"start":{"line":44,"column":2},"end":{"line":44,"column":22}},"6":{"start":{"line":1,"column":21},"end":{"line":1,"column":null}},"7":{"start":{"line":15,"column":74},"end":{"line":36,"column":1}},"8":{"start":{"line":18,"column":16},"end":{"line":18,"column":73}},"9":{"start":{"line":18,"column":47},"end":{"line":18,"column":73}},"10":{"start":{"line":20,"column":17},"end":{"line":20,"column":46}},"11":{"start":{"line":20,"column":23},"end":{"line":20,"column":46}},"12":{"start":{"line":22,"column":23},"end":{"line":23,"column":37}},"13":{"start":{"line":23,"column":4},"end":{"line":23,"column":37}},"14":{"start":{"line":25,"column":24},"end":{"line":25,"column":60}},"15":{"start":{"line":25,"column":30},"end":{"line":25,"column":60}},"16":{"start":{"line":27,"column":28},"end":{"line":27,"column":68}},"17":{"start":{"line":27,"column":34},"end":{"line":27,"column":68}},"18":{"start":{"line":29,"column":2},"end":{"line":35,"column":4}},"19":{"start":{"line":45,"column":4},"end":{"line":51,"column":null}},"20":{"start":{"line":47,"column":11},"end":{"line":47,"column":22}},"21":{"start":{"line":48,"column":11},"end":{"line":48,"column":23}},"22":{"start":{"line":49,"column":11},"end":{"line":49,"column":29}},"23":{"start":{"line":50,"column":11},"end":{"line":50,"column":30}},"24":{"start":{"line":51,"column":11},"end":{"line":51,"column":34}}},"fnMap":{"0":{"name":"(anonymous_1)","decl":{"start":{"line":39,"column":14},"end":{"line":39,"column":null}},"loc":{"start":{"line":39,"column":2},"end":{"line":39,"column":14}}},"1":{"name":"(anonymous_2)","decl":{"start":{"line":40,"column":10},"end":{"line":40,"column":null}},"loc":{"start":{"line":40,"column":2},"end":{"line":40,"column":10}}},"2":{"name":"(anonymous_3)","decl":{"start":{"line":41,"column":11},"end":{"line":41,"column":null}},"loc":{"start":{"line":41,"column":2},"end":{"line":41,"column":11}}},"3":{"name":"(anonymous_4)","decl":{"start":{"line":42,"column":17},"end":{"line":42,"column":null}},"loc":{"start":{"line":42,"column":2},"end":{"line":42,"column":17}}},"4":{"name":"(anonymous_5)","decl":{"start":{"line":43,"column":18},"end":{"line":43,"column":null}},"loc":{"start":{"line":43,"column":2},"end":{"line":43,"column":18}}},"5":{"name":"(anonymous_6)","decl":{"start":{"line":44,"column":22},"end":{"line":44,"column":null}},"loc":{"start":{"line":44,"column":2},"end":{"line":44,"column":22}}},"6":{"name":"(anonymous_8)","decl":{"start":{"line":15,"column":74},"end":{"line":15,"column":75}},"loc":{"start":{"line":17,"column":32},"end":{"line":36,"column":1}}},"7":{"name":"(anonymous_9)","decl":{"start":{"line":18,"column":16},"end":{"line":18,"column":23}},"loc":{"start":{"line":18,"column":47},"end":{"line":18,"column":73}}},"8":{"name":"(anonymous_10)","decl":{"start":{"line":20,"column":17},"end":{"line":20,"column":23}},"loc":{"start":{"line":20,"column":23},"end":{"line":20,"column":46}}},"9":{"name":"(anonymous_11)","decl":{"start":{"line":22,"column":23},"end":{"line":22,"column":24}},"loc":{"start":{"line":23,"column":4},"end":{"line":23,"column":37}}},"10":{"name":"(anonymous_12)","decl":{"start":{"line":25,"column":24},"end":{"line":25,"column":30}},"loc":{"start":{"line":25,"column":30},"end":{"line":25,"column":60}}},"11":{"name":"(anonymous_13)","decl":{"start":{"line":27,"column":28},"end":{"line":27,"column":34}},"loc":{"start":{"line":27,"column":34},"end":{"line":27,"column":68}}},"12":{"name":"(anonymous_14)","decl":{"start":{"line":47,"column":2},"end":{"line":47,"column":7}},"loc":{"start":{"line":47,"column":11},"end":{"line":47,"column":22}}},"13":{"name":"(anonymous_15)","decl":{"start":{"line":48,"column":2},"end":{"line":48,"column":7}},"loc":{"start":{"line":48,"column":11},"end":{"line":48,"column":23}}},"14":{"name":"(anonymous_16)","decl":{"start":{"line":49,"column":2},"end":{"line":49,"column":7}},"loc":{"start":{"line":49,"column":11},"end":{"line":49,"column":29}}},"15":{"name":"(anonymous_17)","decl":{"start":{"line":50,"column":2},"end":{"line":50,"column":7}},"loc":{"start":{"line":50,"column":11},"end":{"line":50,"column":30}}},"16":{"name":"(anonymous_18)","decl":{"start":{"line":51,"column":2},"end":{"line":51,"column":7}},"loc":{"start":{"line":51,"column":11},"end":{"line":51,"column":34}}}},"branchMap":{},"s":{"0":7,"1":25,"2":0,"3":0,"4":0,"5":0,"6":1,"7":1,"8":7,"9":3,"10":7,"11":0,"12":7,"13":0,"14":7,"15":0,"16":7,"17":0,"18":7,"19":1,"20":7,"21":7,"22":7,"23":7,"24":7},"f":{"0":7,"1":25,"2":0,"3":0,"4":0,"5":0,"6":7,"7":3,"8":0,"9":0,"10":0,"11":0,"12":7,"13":7,"14":7,"15":7,"16":7},"b":{}}
,"/Volumes/Samsung_T5/SubProject/maumlab-assignment/renderer/src/commons/utils/yupSchema.ts": {"path":"/Volumes/Samsung_T5/SubProject/maumlab-assignment/renderer/src/commons/utils/yupSchema.ts","statementMap":{"0":{"start":{"line":13,"column":13},"end":{"line":13,"column":24}},"1":{"start":{"line":21,"column":13},"end":{"line":21,"column":31}},"2":{"start":{"line":10,"column":7},"end":{"line":10,"column":null}},"3":{"start":{"line":11,"column":21},"end":{"line":11,"column":null}},"4":{"start":{"line":13,"column":27},"end":{"line":19,"column":2}},"5":{"start":{"line":21,"column":34},"end":{"line":35,"column":2}}},"fnMap":{"0":{"name":"(anonymous_1)","decl":{"start":{"line":13,"column":24},"end":{"line":13,"column":27}},"loc":{"start":{"line":13,"column":13},"end":{"line":13,"column":24}}},"1":{"name":"(anonymous_2)","decl":{"start":{"line":21,"column":31},"end":{"line":21,"column":34}},"loc":{"start":{"line":21,"column":13},"end":{"line":21,"column":31}}}},"branchMap":{},"s":{"0":25,"1":0,"2":1,"3":1,"4":1,"5":1},"f":{"0":25,"1":0},"b":{}}
,"/Volumes/Samsung_T5/SubProject/maumlab-assignment/renderer/src/components/common/alert/AlertMessage.tsx": {"path":"/Volumes/Samsung_T5/SubProject/maumlab-assignment/renderer/src/components/common/alert/AlertMessage.tsx","statementMap":{"0":{"start":{"line":6,"column":24},"end":{"line":6,"column":36}},"1":{"start":{"line":2,"column":32},"end":{"line":2,"column":null}},"2":{"start":{"line":3,"column":24},"end":{"line":3,"column":null}},"3":{"start":{"line":4,"column":26},"end":{"line":4,"column":null}},"4":{"start":{"line":7,"column":23},"end":{"line":7,"column":40}},"5":{"start":{"line":9,"column":38},"end":{"line":9,"column":58}},"6":{"start":{"line":11,"column":2},"end":{"line":18,"column":33}},"7":{"start":{"line":12,"column":4},"end":{"line":17,"column":5}},"8":{"start":{"line":13,"column":6},"end":{"line":16,"column":9}},"9":{"start":{"line":20,"column":2},"end":{"line":20,"column":30}}},"fnMap":{"0":{"name":"(anonymous_0)","decl":{"start":{"line":6,"column":24},"end":{"line":6,"column":36}},"loc":{"start":{"line":6,"column":24},"end":{"line":6,"column":36}}},"1":{"name":"(anonymous_2)","decl":{"start":{"line":11,"column":12},"end":{"line":11,"column":18}},"loc":{"start":{"line":11,"column":18},"end":{"line":18,"column":3}}}},"branchMap":{"0":{"loc":{"start":{"line":12,"column":4},"end":{"line":17,"column":5}},"type":"if","locations":[{"start":{"line":12,"column":4},"end":{"line":17,"column":5}}]}},"s":{"0":7,"1":1,"2":1,"3":1,"4":9,"5":9,"6":9,"7":8,"8":1,"9":9},"f":{"0":16,"1":8},"b":{"0":[1]}}
,"/Volumes/Samsung_T5/SubProject/maumlab-assignment/renderer/src/components/unit/auth/login/Login.container.tsx": {"path":"/Volumes/Samsung_T5/SubProject/maumlab-assignment/renderer/src/components/unit/auth/login/Login.container.tsx","statementMap":{"0":{"start":{"line":23,"column":24},"end":{"line":23,"column":38}},"1":{"start":{"line":1,"column":43},"end":{"line":1,"column":null}},"2":{"start":{"line":2,"column":46},"end":{"line":2,"column":null}},"3":{"start":{"line":3,"column":25},"end":{"line":3,"column":null}},"4":{"start":{"line":5,"column":23},"end":{"line":5,"column":null}},"5":{"start":{"line":6,"column":17},"end":{"line":6,"column":null}},"6":{"start":{"line":7,"column":28},"end":{"line":7,"column":null}},"7":{"start":{"line":8,"column":28},"end":{"line":8,"column":null}},"8":{"start":{"line":9,"column":26},"end":{"line":9,"column":null}},"9":{"start":{"line":10,"column":24},"end":{"line":10,"column":null}},"10":{"start":{"line":11,"column":24},"end":{"line":11,"column":null}},"11":{"start":{"line":15,"column":7},"end":{"line":15,"column":null}},"12":{"start":{"line":16,"column":36},"end":{"line":16,"column":null}},"13":{"start":{"line":20,"column":7},"end":{"line":20,"column":null}},"14":{"start":{"line":21,"column":19},"end":{"line":21,"column":null}},"15":{"start":{"line":24,"column":47},"end":{"line":27,"column":4}},"16":{"start":{"line":29,"column":17},"end":{"line":29,"column":28}},"17":{"start":{"line":30,"column":16},"end":{"line":30,"column":26}},"18":{"start":{"line":31,"column":20},"end":{"line":31,"column":41}},"19":{"start":{"line":33,"column":27},"end":{"line":42,"column":4}},"20":{"start":{"line":34,"column":4},"end":{"line":41,"column":5}},"21":{"start":{"line":35,"column":6},"end":{"line":35,"column":43}},"22":{"start":{"line":36,"column":6},"end":{"line":36,"column":29}},"23":{"start":{"line":38,"column":6},"end":{"line":40,"column":7}},"24":{"start":{"line":39,"column":8},"end":{"line":39,"column":38}},"25":{"start":{"line":44,"column":2},"end":{"line":91,"column":null}}},"fnMap":{"0":{"name":"(anonymous_0)","decl":{"start":{"line":23,"column":24},"end":{"line":23,"column":38}},"loc":{"start":{"line":23,"column":24},"end":{"line":23,"column":38}}},"1":{"name":"(anonymous_6)","decl":{"start":{"line":33,"column":40},"end":{"line":33,"column":47}},"loc":{"start":{"line":33,"column":63},"end":{"line":42,"column":3}}}},"branchMap":{"0":{"loc":{"start":{"line":38,"column":6},"end":{"line":40,"column":7}},"type":"if","locations":[{"start":{"line":38,"column":6},"end":{"line":40,"column":7}}]},"1":{"loc":{"start":{"line":56,"column":29},"end":{"line":56,"column":66}},"type":"binary-expr","locations":[{"start":{"line":56,"column":29},"end":{"line":56,"column":60}},{"start":{"line":56,"column":64},"end":{"line":56,"column":66}}]},"2":{"loc":{"start":{"line":68,"column":20},"end":{"line":68,"column":60}},"type":"binary-expr","locations":[{"start":{"line":68,"column":20},"end":{"line":68,"column":54}},{"start":{"line":68,"column":58},"end":{"line":68,"column":60}}]}},"s":{"0":7,"1":1,"2":1,"3":1,"4":1,"5":1,"6":1,"7":1,"8":1,"9":1,"10":1,"11":1,"12":1,"13":1,"14":1,"15":25,"16":25,"17":25,"18":25,"19":25,"20":3,"21":3,"22":2,"23":1,"24":1,"25":25},"f":{"0":32,"1":3},"b":{"0":[1],"1":[25,19],"2":[25,20]}}
,"/Volumes/Samsung_T5/SubProject/maumlab-assignment/renderer/src/components/unit/auth/register/RegisterUser.container.tsx": {"path":"/Volumes/Samsung_T5/SubProject/maumlab-assignment/renderer/src/components/unit/auth/register/RegisterUser.container.tsx","statementMap":{"0":{"start":{"line":23,"column":24},"end":{"line":23,"column":45}},"1":{"start":{"line":1,"column":27},"end":{"line":1,"column":null}},"2":{"start":{"line":2,"column":32},"end":{"line":2,"column":null}},"3":{"start":{"line":4,"column":23},"end":{"line":4,"column":null}},"4":{"start":{"line":5,"column":26},"end":{"line":5,"column":null}},"5":{"start":{"line":6,"column":24},"end":{"line":6,"column":null}},"6":{"start":{"line":7,"column":28},"end":{"line":7,"column":null}},"7":{"start":{"line":8,"column":35},"end":{"line":8,"column":null}},"8":{"start":{"line":9,"column":24},"end":{"line":9,"column":null}},"9":{"start":{"line":13,"column":7},"end":{"line":13,"column":null}},"10":{"start":{"line":14,"column":36},"end":{"line":14,"column":null}},"11":{"start":{"line":20,"column":7},"end":{"line":20,"column":null}},"12":{"start":{"line":21,"column":19},"end":{"line":21,"column":null}},"13":{"start":{"line":24,"column":47},"end":{"line":27,"column":4}},"14":{"start":{"line":29,"column":17},"end":{"line":29,"column":28}},"15":{"start":{"line":30,"column":23},"end":{"line":30,"column":40}},"16":{"start":{"line":31,"column":20},"end":{"line":31,"column":41}},"17":{"start":{"line":33,"column":30},"end":{"line":49,"column":4}},"18":{"start":{"line":34,"column":39},"end":{"line":38,"column":5}},"19":{"start":{"line":40,"column":4},"end":{"line":48,"column":5}},"20":{"start":{"line":41,"column":6},"end":{"line":41,"column":31}},"21":{"start":{"line":42,"column":6},"end":{"line":42,"column":55}},"22":{"start":{"line":43,"column":6},"end":{"line":43,"column":33}},"23":{"start":{"line":45,"column":6},"end":{"line":47,"column":7}},"24":{"start":{"line":46,"column":8},"end":{"line":46,"column":38}},"25":{"start":{"line":51,"column":2},"end":{"line":111,"column":null}}},"fnMap":{"0":{"name":"(anonymous_0)","decl":{"start":{"line":23,"column":24},"end":{"line":23,"column":45}},"loc":{"start":{"line":23,"column":24},"end":{"line":23,"column":45}}},"1":{"name":"(anonymous_6)","decl":{"start":{"line":33,"column":43},"end":{"line":33,"column":50}},"loc":{"start":{"line":33,"column":66},"end":{"line":49,"column":3}}}},"branchMap":{"0":{"loc":{"start":{"line":45,"column":6},"end":{"line":47,"column":7}},"type":"if","locations":[{"start":{"line":45,"column":6},"end":{"line":47,"column":7}}]},"1":{"loc":{"start":{"line":61,"column":29},"end":{"line":61,"column":66}},"type":"binary-expr","locations":[{"start":{"line":61,"column":29},"end":{"line":61,"column":60}},{"start":{"line":61,"column":64},"end":{"line":61,"column":66}}]},"2":{"loc":{"start":{"line":71,"column":20},"end":{"line":71,"column":60}},"type":"binary-expr","locations":[{"start":{"line":71,"column":20},"end":{"line":71,"column":54}},{"start":{"line":71,"column":58},"end":{"line":71,"column":60}}]},"3":{"loc":{"start":{"line":83,"column":20},"end":{"line":83,"column":60}},"type":"binary-expr","locations":[{"start":{"line":83,"column":20},"end":{"line":83,"column":54}},{"start":{"line":83,"column":58},"end":{"line":83,"column":60}}]},"4":{"loc":{"start":{"line":95,"column":20},"end":{"line":95,"column":65}},"type":"binary-expr","locations":[{"start":{"line":95,"column":20},"end":{"line":95,"column":59}},{"start":{"line":95,"column":63},"end":{"line":95,"column":65}}]}},"s":{"0":0,"1":0,"2":0,"3":0,"4":0,"5":0,"6":0,"7":0,"8":0,"9":0,"10":0,"11":0,"12":0,"13":0,"14":0,"15":0,"16":0,"17":0,"18":0,"19":0,"20":0,"21":0,"22":0,"23":0,"24":0,"25":0},"f":{"0":0,"1":0},"b":{"0":[0],"1":[0,0],"2":[0,0],"3":[0,0],"4":[0,0]}}
}
