{"/Volumes/Samsung_T5/SubProject/maumlab-assignment/renderer/src/commons/contexts/AlertMessageContext.tsx": {"path":"/Volumes/Samsung_T5/SubProject/maumlab-assignment/renderer/src/commons/contexts/AlertMessageContext.tsx","statementMap":{"0":{"start":{"line":28,"column":14},"end":{"line":28,"column":34}},"1":{"start":{"line":28,"column":36},"end":{"line":28,"column":51}},"2":{"start":{"line":28,"column":53},"end":{"line":28,"column":72}},"3":{"start":{"line":1,"column":21},"end":{"line":1,"column":null}},"4":{"start":{"line":2,"column":25},"end":{"line":2,"column":null}},"5":{"start":{"line":4,"column":31},"end":{"line":26,"column":1}},"6":{"start":{"line":5,"column":42},"end":{"line":9,"column":17}},"7":{"start":{"line":11,"column":27},"end":{"line":20,"column":3}},"8":{"start":{"line":15,"column":4},"end":{"line":19,"column":7}},"9":{"start":{"line":22,"column":2},"end":{"line":25,"column":4}},"10":{"start":{"line":29,"column":2},"end":{"line":32,"column":null}},"11":{"start":{"line":31,"column":13},"end":{"line":31,"column":31}},"12":{"start":{"line":32,"column":13},"end":{"line":32,"column":35}}},"fnMap":{"0":{"name":"(anonymous_1)","decl":{"start":{"line":28,"column":34},"end":{"line":28,"column":36}},"loc":{"start":{"line":28,"column":14},"end":{"line":28,"column":34}}},"1":{"name":"(anonymous_2)","decl":{"start":{"line":28,"column":51},"end":{"line":28,"column":53}},"loc":{"start":{"line":28,"column":36},"end":{"line":28,"column":51}}},"2":{"name":"(anonymous_3)","decl":{"start":{"line":28,"column":72},"end":{"line":28,"column":73}},"loc":{"start":{"line":28,"column":53},"end":{"line":28,"column":72}}},"3":{"name":"(anonymous_5)","decl":{"start":{"line":4,"column":31},"end":{"line":4,"column":37}},"loc":{"start":{"line":4,"column":37},"end":{"line":26,"column":1}}},"4":{"name":"(anonymous_6)","decl":{"start":{"line":11,"column":27},"end":{"line":11,"column":null}},"loc":{"start":{"line":14,"column":7},"end":{"line":20,"column":3}}},"5":{"name":"(anonymous_7)","decl":{"start":{"line":31,"column":4},"end":{"line":31,"column":9}},"loc":{"start":{"line":31,"column":13},"end":{"line":31,"column":31}}},"6":{"name":"(anonymous_8)","decl":{"start":{"line":32,"column":4},"end":{"line":32,"column":9}},"loc":{"start":{"line":32,"column":13},"end":{"line":32,"column":35}}}},"branchMap":{},"s":{"0":32,"1":50,"2":102,"3":5,"4":5,"5":5,"6":41,"7":41,"8":11,"9":41,"10":5,"11":41,"12":41},"f":{"0":32,"1":50,"2":102,"3":41,"4":11,"5":41,"6":41},"b":{}}
,"/Volumes/Samsung_T5/SubProject/maumlab-assignment/renderer/src/commons/contexts/AuthContext.tsx": {"path":"/Volumes/Samsung_T5/SubProject/maumlab-assignment/renderer/src/commons/contexts/AuthContext.tsx","statementMap":{"0":{"start":{"line":39,"column":2},"end":{"line":39,"column":14}},"1":{"start":{"line":40,"column":2},"end":{"line":40,"column":10}},"2":{"start":{"line":41,"column":2},"end":{"line":41,"column":11}},"3":{"start":{"line":42,"column":2},"end":{"line":42,"column":17}},"4":{"start":{"line":43,"column":2},"end":{"line":43,"column":18}},"5":{"start":{"line":44,"column":2},"end":{"line":44,"column":22}},"6":{"start":{"line":1,"column":21},"end":{"line":1,"column":null}},"7":{"start":{"line":15,"column":74},"end":{"line":36,"column":1}},"8":{"start":{"line":18,"column":16},"end":{"line":18,"column":73}},"9":{"start":{"line":18,"column":47},"end":{"line":18,"column":73}},"10":{"start":{"line":20,"column":17},"end":{"line":20,"column":46}},"11":{"start":{"line":20,"column":23},"end":{"line":20,"column":46}},"12":{"start":{"line":22,"column":23},"end":{"line":23,"column":37}},"13":{"start":{"line":23,"column":4},"end":{"line":23,"column":37}},"14":{"start":{"line":25,"column":24},"end":{"line":25,"column":60}},"15":{"start":{"line":25,"column":30},"end":{"line":25,"column":60}},"16":{"start":{"line":27,"column":28},"end":{"line":27,"column":68}},"17":{"start":{"line":27,"column":34},"end":{"line":27,"column":68}},"18":{"start":{"line":29,"column":2},"end":{"line":35,"column":4}},"19":{"start":{"line":45,"column":4},"end":{"line":51,"column":null}},"20":{"start":{"line":47,"column":11},"end":{"line":47,"column":22}},"21":{"start":{"line":48,"column":11},"end":{"line":48,"column":23}},"22":{"start":{"line":49,"column":11},"end":{"line":49,"column":29}},"23":{"start":{"line":50,"column":11},"end":{"line":50,"column":30}},"24":{"start":{"line":51,"column":11},"end":{"line":51,"column":34}}},"fnMap":{"0":{"name":"(anonymous_1)","decl":{"start":{"line":39,"column":14},"end":{"line":39,"column":null}},"loc":{"start":{"line":39,"column":2},"end":{"line":39,"column":14}}},"1":{"name":"(anonymous_2)","decl":{"start":{"line":40,"column":10},"end":{"line":40,"column":null}},"loc":{"start":{"line":40,"column":2},"end":{"line":40,"column":10}}},"2":{"name":"(anonymous_3)","decl":{"start":{"line":41,"column":11},"end":{"line":41,"column":null}},"loc":{"start":{"line":41,"column":2},"end":{"line":41,"column":11}}},"3":{"name":"(anonymous_4)","decl":{"start":{"line":42,"column":17},"end":{"line":42,"column":null}},"loc":{"start":{"line":42,"column":2},"end":{"line":42,"column":17}}},"4":{"name":"(anonymous_5)","decl":{"start":{"line":43,"column":18},"end":{"line":43,"column":null}},"loc":{"start":{"line":43,"column":2},"end":{"line":43,"column":18}}},"5":{"name":"(anonymous_6)","decl":{"start":{"line":44,"column":22},"end":{"line":44,"column":null}},"loc":{"start":{"line":44,"column":2},"end":{"line":44,"column":22}}},"6":{"name":"(anonymous_8)","decl":{"start":{"line":15,"column":74},"end":{"line":15,"column":75}},"loc":{"start":{"line":17,"column":32},"end":{"line":36,"column":1}}},"7":{"name":"(anonymous_9)","decl":{"start":{"line":18,"column":16},"end":{"line":18,"column":23}},"loc":{"start":{"line":18,"column":47},"end":{"line":18,"column":73}}},"8":{"name":"(anonymous_10)","decl":{"start":{"line":20,"column":17},"end":{"line":20,"column":23}},"loc":{"start":{"line":20,"column":23},"end":{"line":20,"column":46}}},"9":{"name":"(anonymous_11)","decl":{"start":{"line":22,"column":23},"end":{"line":22,"column":24}},"loc":{"start":{"line":23,"column":4},"end":{"line":23,"column":37}}},"10":{"name":"(anonymous_12)","decl":{"start":{"line":25,"column":24},"end":{"line":25,"column":30}},"loc":{"start":{"line":25,"column":30},"end":{"line":25,"column":60}}},"11":{"name":"(anonymous_13)","decl":{"start":{"line":27,"column":28},"end":{"line":27,"column":34}},"loc":{"start":{"line":27,"column":34},"end":{"line":27,"column":68}}},"12":{"name":"(anonymous_14)","decl":{"start":{"line":47,"column":2},"end":{"line":47,"column":7}},"loc":{"start":{"line":47,"column":11},"end":{"line":47,"column":22}}},"13":{"name":"(anonymous_15)","decl":{"start":{"line":48,"column":2},"end":{"line":48,"column":7}},"loc":{"start":{"line":48,"column":11},"end":{"line":48,"column":23}}},"14":{"name":"(anonymous_16)","decl":{"start":{"line":49,"column":2},"end":{"line":49,"column":7}},"loc":{"start":{"line":49,"column":11},"end":{"line":49,"column":29}}},"15":{"name":"(anonymous_17)","decl":{"start":{"line":50,"column":2},"end":{"line":50,"column":7}},"loc":{"start":{"line":50,"column":11},"end":{"line":50,"column":30}}},"16":{"name":"(anonymous_18)","decl":{"start":{"line":51,"column":2},"end":{"line":51,"column":7}},"loc":{"start":{"line":51,"column":11},"end":{"line":51,"column":34}}}},"branchMap":{},"s":{"0":21,"1":25,"2":0,"3":34,"4":0,"5":14,"6":3,"7":3,"8":21,"9":3,"10":21,"11":0,"12":21,"13":3,"14":21,"15":0,"16":21,"17":4,"18":21,"19":3,"20":21,"21":21,"22":21,"23":21,"24":21},"f":{"0":21,"1":25,"2":0,"3":34,"4":0,"5":14,"6":21,"7":3,"8":0,"9":3,"10":0,"11":4,"12":21,"13":21,"14":21,"15":21,"16":21},"b":{}}
,"/Volumes/Samsung_T5/SubProject/maumlab-assignment/renderer/src/commons/contexts/MessageContext.tsx": {"path":"/Volumes/Samsung_T5/SubProject/maumlab-assignment/renderer/src/commons/contexts/MessageContext.tsx","statementMap":{"0":{"start":{"line":49,"column":2},"end":{"line":49,"column":17}},"1":{"start":{"line":50,"column":2},"end":{"line":50,"column":13}},"2":{"start":{"line":51,"column":2},"end":{"line":51,"column":16}},"3":{"start":{"line":52,"column":2},"end":{"line":52,"column":23}},"4":{"start":{"line":53,"column":2},"end":{"line":53,"column":25}},"5":{"start":{"line":6,"column":21},"end":{"line":6,"column":null}},"6":{"start":{"line":7,"column":33},"end":{"line":7,"column":null}},"7":{"start":{"line":16,"column":23},"end":{"line":46,"column":1}},"8":{"start":{"line":17,"column":34},"end":{"line":17,"column":70}},"9":{"start":{"line":18,"column":21},"end":{"line":18,"column":54}},"10":{"start":{"line":20,"column":22},"end":{"line":21,"column":56}},"11":{"start":{"line":21,"column":4},"end":{"line":21,"column":56}},"12":{"start":{"line":23,"column":29},"end":{"line":33,"column":3}},"13":{"start":{"line":24,"column":34},"end":{"line":30,"column":8}},"14":{"start":{"line":28,"column":10},"end":{"line":28,"column":29}},"15":{"start":{"line":32,"column":4},"end":{"line":32,"column":33}},"16":{"start":{"line":35,"column":31},"end":{"line":38,"column":3}},"17":{"start":{"line":36,"column":4},"end":{"line":36,"column":38}},"18":{"start":{"line":37,"column":4},"end":{"line":37,"column":43}},"19":{"start":{"line":40,"column":2},"end":{"line":45,"column":4}},"20":{"start":{"line":54,"column":4},"end":{"line":59,"column":null}},"21":{"start":{"line":56,"column":11},"end":{"line":56,"column":25}},"22":{"start":{"line":57,"column":11},"end":{"line":57,"column":28}},"23":{"start":{"line":58,"column":11},"end":{"line":58,"column":35}},"24":{"start":{"line":59,"column":11},"end":{"line":59,"column":37}}},"fnMap":{"0":{"name":"(anonymous_1)","decl":{"start":{"line":49,"column":17},"end":{"line":49,"column":null}},"loc":{"start":{"line":49,"column":2},"end":{"line":49,"column":17}}},"1":{"name":"(anonymous_2)","decl":{"start":{"line":50,"column":13},"end":{"line":50,"column":null}},"loc":{"start":{"line":50,"column":2},"end":{"line":50,"column":13}}},"2":{"name":"(anonymous_3)","decl":{"start":{"line":51,"column":16},"end":{"line":51,"column":null}},"loc":{"start":{"line":51,"column":2},"end":{"line":51,"column":16}}},"3":{"name":"(anonymous_4)","decl":{"start":{"line":52,"column":23},"end":{"line":52,"column":null}},"loc":{"start":{"line":52,"column":2},"end":{"line":52,"column":23}}},"4":{"name":"(anonymous_5)","decl":{"start":{"line":53,"column":25},"end":{"line":53,"column":null}},"loc":{"start":{"line":53,"column":2},"end":{"line":53,"column":25}}},"5":{"name":"(anonymous_7)","decl":{"start":{"line":16,"column":23},"end":{"line":16,"column":24}},"loc":{"start":{"line":16,"column":50},"end":{"line":46,"column":1}}},"6":{"name":"(anonymous_8)","decl":{"start":{"line":20,"column":22},"end":{"line":20,"column":23}},"loc":{"start":{"line":21,"column":4},"end":{"line":21,"column":56}}},"7":{"name":"(anonymous_9)","decl":{"start":{"line":23,"column":29},"end":{"line":23,"column":30}},"loc":{"start":{"line":23,"column":67},"end":{"line":33,"column":3}}},"8":{"name":"(anonymous_10)","decl":{"start":{"line":27,"column":8},"end":{"line":27,"column":12}},"loc":{"start":{"line":27,"column":35},"end":{"line":29,"column":9}}},"9":{"name":"(anonymous_11)","decl":{"start":{"line":35,"column":31},"end":{"line":35,"column":37}},"loc":{"start":{"line":35,"column":37},"end":{"line":38,"column":3}}},"10":{"name":"(anonymous_12)","decl":{"start":{"line":56,"column":2},"end":{"line":56,"column":7}},"loc":{"start":{"line":56,"column":11},"end":{"line":56,"column":25}}},"11":{"name":"(anonymous_13)","decl":{"start":{"line":57,"column":2},"end":{"line":57,"column":7}},"loc":{"start":{"line":57,"column":11},"end":{"line":57,"column":28}}},"12":{"name":"(anonymous_14)","decl":{"start":{"line":58,"column":2},"end":{"line":58,"column":7}},"loc":{"start":{"line":58,"column":11},"end":{"line":58,"column":35}}},"13":{"name":"(anonymous_15)","decl":{"start":{"line":59,"column":2},"end":{"line":59,"column":7}},"loc":{"start":{"line":59,"column":11},"end":{"line":59,"column":37}}}},"branchMap":{},"s":{"0":6,"1":14,"2":14,"3":14,"4":0,"5":1,"6":1,"7":1,"8":10,"9":10,"10":10,"11":2,"12":10,"13":6,"14":4,"15":4,"16":10,"17":0,"18":0,"19":10,"20":1,"21":10,"22":10,"23":10,"24":10},"f":{"0":6,"1":14,"2":14,"3":14,"4":0,"5":10,"6":2,"7":6,"8":4,"9":0,"10":10,"11":10,"12":10,"13":10},"b":{}}
,"/Volumes/Samsung_T5/SubProject/maumlab-assignment/renderer/src/commons/contexts/RoomContext.tsx": {"path":"/Volumes/Samsung_T5/SubProject/maumlab-assignment/renderer/src/commons/contexts/RoomContext.tsx","statementMap":{"0":{"start":{"line":46,"column":2},"end":{"line":46,"column":14}},"1":{"start":{"line":47,"column":2},"end":{"line":47,"column":14}},"2":{"start":{"line":48,"column":2},"end":{"line":48,"column":14}},"3":{"start":{"line":49,"column":2},"end":{"line":49,"column":27}},"4":{"start":{"line":50,"column":2},"end":{"line":50,"column":23}},"5":{"start":{"line":51,"column":2},"end":{"line":51,"column":28}},"6":{"start":{"line":52,"column":2},"end":{"line":52,"column":23}},"7":{"start":{"line":53,"column":2},"end":{"line":53,"column":22}},"8":{"start":{"line":2,"column":21},"end":{"line":2,"column":null}},"9":{"start":{"line":3,"column":25},"end":{"line":3,"column":null}},"10":{"start":{"line":8,"column":73},"end":{"line":43,"column":1}},"11":{"start":{"line":11,"column":36},"end":{"line":11,"column":69}},"12":{"start":{"line":12,"column":36},"end":{"line":12,"column":69}},"13":{"start":{"line":14,"column":33},"end":{"line":15,"column":50}},"14":{"start":{"line":15,"column":4},"end":{"line":15,"column":50}},"15":{"start":{"line":17,"column":29},"end":{"line":18,"column":50}},"16":{"start":{"line":18,"column":4},"end":{"line":18,"column":50}},"17":{"start":{"line":20,"column":34},"end":{"line":23,"column":3}},"18":{"start":{"line":21,"column":18},"end":{"line":21,"column":64}},"19":{"start":{"line":22,"column":4},"end":{"line":22,"column":24}},"20":{"start":{"line":25,"column":29},"end":{"line":28,"column":3}},"21":{"start":{"line":26,"column":18},"end":{"line":26,"column":59}},"22":{"start":{"line":27,"column":4},"end":{"line":27,"column":24}},"23":{"start":{"line":30,"column":28},"end":{"line":32,"column":3}},"24":{"start":{"line":31,"column":4},"end":{"line":31,"column":51}},"25":{"start":{"line":34,"column":2},"end":{"line":42,"column":4}},"26":{"start":{"line":54,"column":4},"end":{"line":62,"column":null}},"27":{"start":{"line":56,"column":11},"end":{"line":56,"column":26}},"28":{"start":{"line":57,"column":11},"end":{"line":57,"column":26}},"29":{"start":{"line":58,"column":11},"end":{"line":58,"column":39}},"30":{"start":{"line":59,"column":11},"end":{"line":59,"column":35}},"31":{"start":{"line":60,"column":11},"end":{"line":60,"column":40}},"32":{"start":{"line":61,"column":11},"end":{"line":61,"column":35}},"33":{"start":{"line":62,"column":11},"end":{"line":62,"column":34}}},"fnMap":{"0":{"name":"(anonymous_1)","decl":{"start":{"line":46,"column":14},"end":{"line":46,"column":null}},"loc":{"start":{"line":46,"column":2},"end":{"line":46,"column":14}}},"1":{"name":"(anonymous_2)","decl":{"start":{"line":47,"column":14},"end":{"line":47,"column":null}},"loc":{"start":{"line":47,"column":2},"end":{"line":47,"column":14}}},"2":{"name":"(anonymous_3)","decl":{"start":{"line":48,"column":14},"end":{"line":48,"column":null}},"loc":{"start":{"line":48,"column":2},"end":{"line":48,"column":14}}},"3":{"name":"(anonymous_4)","decl":{"start":{"line":49,"column":27},"end":{"line":49,"column":null}},"loc":{"start":{"line":49,"column":2},"end":{"line":49,"column":27}}},"4":{"name":"(anonymous_5)","decl":{"start":{"line":50,"column":23},"end":{"line":50,"column":null}},"loc":{"start":{"line":50,"column":2},"end":{"line":50,"column":23}}},"5":{"name":"(anonymous_6)","decl":{"start":{"line":51,"column":28},"end":{"line":51,"column":null}},"loc":{"start":{"line":51,"column":2},"end":{"line":51,"column":28}}},"6":{"name":"(anonymous_7)","decl":{"start":{"line":52,"column":23},"end":{"line":52,"column":null}},"loc":{"start":{"line":52,"column":2},"end":{"line":52,"column":23}}},"7":{"name":"(anonymous_8)","decl":{"start":{"line":53,"column":22},"end":{"line":53,"column":null}},"loc":{"start":{"line":53,"column":2},"end":{"line":53,"column":22}}},"8":{"name":"(anonymous_10)","decl":{"start":{"line":8,"column":73},"end":{"line":8,"column":74}},"loc":{"start":{"line":10,"column":31},"end":{"line":43,"column":1}}},"9":{"name":"(anonymous_11)","decl":{"start":{"line":14,"column":33},"end":{"line":14,"column":34}},"loc":{"start":{"line":15,"column":4},"end":{"line":15,"column":50}}},"10":{"name":"(anonymous_12)","decl":{"start":{"line":17,"column":29},"end":{"line":17,"column":30}},"loc":{"start":{"line":18,"column":4},"end":{"line":18,"column":50}}},"11":{"name":"(anonymous_13)","decl":{"start":{"line":20,"column":34},"end":{"line":20,"column":46}},"loc":{"start":{"line":20,"column":46},"end":{"line":23,"column":3}}},"12":{"name":"(anonymous_14)","decl":{"start":{"line":25,"column":29},"end":{"line":25,"column":41}},"loc":{"start":{"line":25,"column":41},"end":{"line":28,"column":3}}},"13":{"name":"(anonymous_15)","decl":{"start":{"line":30,"column":28},"end":{"line":30,"column":35}},"loc":{"start":{"line":30,"column":54},"end":{"line":32,"column":3}}},"14":{"name":"(anonymous_16)","decl":{"start":{"line":56,"column":2},"end":{"line":56,"column":7}},"loc":{"start":{"line":56,"column":11},"end":{"line":56,"column":26}}},"15":{"name":"(anonymous_17)","decl":{"start":{"line":57,"column":2},"end":{"line":57,"column":7}},"loc":{"start":{"line":57,"column":11},"end":{"line":57,"column":26}}},"16":{"name":"(anonymous_18)","decl":{"start":{"line":58,"column":2},"end":{"line":58,"column":7}},"loc":{"start":{"line":58,"column":11},"end":{"line":58,"column":39}}},"17":{"name":"(anonymous_19)","decl":{"start":{"line":59,"column":2},"end":{"line":59,"column":7}},"loc":{"start":{"line":59,"column":11},"end":{"line":59,"column":35}}},"18":{"name":"(anonymous_20)","decl":{"start":{"line":60,"column":2},"end":{"line":60,"column":7}},"loc":{"start":{"line":60,"column":11},"end":{"line":60,"column":40}}},"19":{"name":"(anonymous_21)","decl":{"start":{"line":61,"column":2},"end":{"line":61,"column":7}},"loc":{"start":{"line":61,"column":11},"end":{"line":61,"column":35}}},"20":{"name":"(anonymous_22)","decl":{"start":{"line":62,"column":2},"end":{"line":62,"column":7}},"loc":{"start":{"line":62,"column":11},"end":{"line":62,"column":34}}}},"branchMap":{},"s":{"0":15,"1":0,"2":0,"3":9,"4":20,"5":0,"6":0,"7":0,"8":3,"9":3,"10":3,"11":15,"12":15,"13":15,"14":2,"15":15,"16":2,"17":15,"18":0,"19":0,"20":15,"21":0,"22":0,"23":15,"24":0,"25":15,"26":3,"27":15,"28":15,"29":15,"30":15,"31":15,"32":15,"33":15},"f":{"0":15,"1":0,"2":0,"3":9,"4":20,"5":0,"6":0,"7":0,"8":15,"9":2,"10":2,"11":0,"12":0,"13":0,"14":15,"15":15,"16":15,"17":15,"18":15,"19":15,"20":15},"b":{}}
,"/Volumes/Samsung_T5/SubProject/maumlab-assignment/renderer/src/commons/contexts/UserContext.tsx": {"path":"/Volumes/Samsung_T5/SubProject/maumlab-assignment/renderer/src/commons/contexts/UserContext.tsx","statementMap":{"0":{"start":{"line":25,"column":14},"end":{"line":25,"column":26}},"1":{"start":{"line":25,"column":28},"end":{"line":25,"column":39}},"2":{"start":{"line":25,"column":41},"end":{"line":25,"column":56}},"3":{"start":{"line":3,"column":21},"end":{"line":3,"column":null}},"4":{"start":{"line":4,"column":25},"end":{"line":4,"column":null}},"5":{"start":{"line":9,"column":73},"end":{"line":23,"column":1}},"6":{"start":{"line":12,"column":34},"end":{"line":12,"column":67}},"7":{"start":{"line":14,"column":23},"end":{"line":17,"column":3}},"8":{"start":{"line":15,"column":18},"end":{"line":15,"column":53}},"9":{"start":{"line":16,"column":4},"end":{"line":16,"column":23}},"10":{"start":{"line":19,"column":2},"end":{"line":22,"column":4}},"11":{"start":{"line":25,"column":60},"end":{"line":28,"column":null}},"12":{"start":{"line":27,"column":11},"end":{"line":27,"column":25}},"13":{"start":{"line":28,"column":11},"end":{"line":28,"column":29}}},"fnMap":{"0":{"name":"(anonymous_1)","decl":{"start":{"line":25,"column":26},"end":{"line":25,"column":28}},"loc":{"start":{"line":25,"column":14},"end":{"line":25,"column":26}}},"1":{"name":"(anonymous_2)","decl":{"start":{"line":25,"column":39},"end":{"line":25,"column":41}},"loc":{"start":{"line":25,"column":28},"end":{"line":25,"column":39}}},"2":{"name":"(anonymous_3)","decl":{"start":{"line":25,"column":56},"end":{"line":25,"column":57}},"loc":{"start":{"line":25,"column":41},"end":{"line":25,"column":56}}},"3":{"name":"(anonymous_5)","decl":{"start":{"line":9,"column":73},"end":{"line":9,"column":74}},"loc":{"start":{"line":11,"column":31},"end":{"line":23,"column":1}}},"4":{"name":"(anonymous_6)","decl":{"start":{"line":14,"column":23},"end":{"line":14,"column":35}},"loc":{"start":{"line":14,"column":35},"end":{"line":17,"column":3}}},"5":{"name":"(anonymous_7)","decl":{"start":{"line":27,"column":2},"end":{"line":27,"column":7}},"loc":{"start":{"line":27,"column":11},"end":{"line":27,"column":25}}},"6":{"name":"(anonymous_8)","decl":{"start":{"line":28,"column":2},"end":{"line":28,"column":7}},"loc":{"start":{"line":28,"column":11},"end":{"line":28,"column":29}}}},"branchMap":{},"s":{"0":11,"1":29,"2":29,"3":2,"4":2,"5":2,"6":18,"7":18,"8":11,"9":9,"10":18,"11":2,"12":18,"13":18},"f":{"0":11,"1":29,"2":29,"3":18,"4":11,"5":18,"6":18},"b":{}}
,"/Volumes/Samsung_T5/SubProject/maumlab-assignment/renderer/src/commons/repositories/AuthRepository.ts": {"path":"/Volumes/Samsung_T5/SubProject/maumlab-assignment/renderer/src/commons/repositories/AuthRepository.ts","statementMap":{"0":{"start":{"line":13,"column":21},"end":{"line":13,"column":35}},"1":{"start":{"line":1,"column":27},"end":{"line":1,"column":null}},"2":{"start":{"line":8,"column":22},"end":{"line":8,"column":null}},"3":{"start":{"line":10,"column":35},"end":{"line":10,"column":null}},"4":{"start":{"line":13,"column":15},"end":{"line":63,"column":null}},"5":{"start":{"line":16,"column":42},"end":{"line":16,"column":46}},"6":{"start":{"line":19,"column":4},"end":{"line":19,"column":37}},"7":{"start":{"line":23,"column":4},"end":{"line":23,"column":43}},"8":{"start":{"line":27,"column":4},"end":{"line":27,"column":29}},"9":{"start":{"line":28,"column":4},"end":{"line":28,"column":33}},"10":{"start":{"line":32,"column":4},"end":{"line":32,"column":50}},"11":{"start":{"line":36,"column":17},"end":{"line":36,"column":52}},"12":{"start":{"line":38,"column":4},"end":{"line":38,"column":56}},"13":{"start":{"line":38,"column":44},"end":{"line":38,"column":56}},"14":{"start":{"line":40,"column":4},"end":{"line":44,"column":5}},"15":{"start":{"line":41,"column":24},"end":{"line":41,"column":69}},"16":{"start":{"line":42,"column":6},"end":{"line":42,"column":36}},"17":{"start":{"line":43,"column":6},"end":{"line":43,"column":18}},"18":{"start":{"line":46,"column":4},"end":{"line":46,"column":29}},"19":{"start":{"line":48,"column":4},"end":{"line":48,"column":17}},"20":{"start":{"line":52,"column":17},"end":{"line":52,"column":52}},"21":{"start":{"line":54,"column":4},"end":{"line":59,"column":5}},"22":{"start":{"line":55,"column":24},"end":{"line":55,"column":69}},"23":{"start":{"line":56,"column":6},"end":{"line":56,"column":36}},"24":{"start":{"line":58,"column":6},"end":{"line":58,"column":23}},"25":{"start":{"line":61,"column":4},"end":{"line":61,"column":29}},"26":{"start":{"line":13,"column":21},"end":{"line":13,"column":null}}},"fnMap":{"0":{"name":"(anonymous_0)","decl":{"start":{"line":13,"column":21},"end":{"line":13,"column":35}},"loc":{"start":{"line":13,"column":21},"end":{"line":13,"column":35}}},"1":{"name":"(anonymous_6)","decl":{"start":{"line":18,"column":2},"end":{"line":18,"column":14}},"loc":{"start":{"line":18,"column":76},"end":{"line":20,"column":null}}},"2":{"name":"(anonymous_7)","decl":{"start":{"line":22,"column":8},"end":{"line":22,"column":13}},"loc":{"start":{"line":22,"column":35},"end":{"line":24,"column":null}}},"3":{"name":"(anonymous_8)","decl":{"start":{"line":26,"column":2},"end":{"line":26,"column":8}},"loc":{"start":{"line":26,"column":11},"end":{"line":29,"column":null}}},"4":{"name":"(anonymous_9)","decl":{"start":{"line":31,"column":2},"end":{"line":31,"column":14}},"loc":{"start":{"line":31,"column":43},"end":{"line":33,"column":null}}},"5":{"name":"(anonymous_10)","decl":{"start":{"line":35,"column":8},"end":{"line":35,"column":21}},"loc":{"start":{"line":35,"column":24},"end":{"line":49,"column":null}}},"6":{"name":"(anonymous_11)","decl":{"start":{"line":51,"column":8},"end":{"line":51,"column":25}},"loc":{"start":{"line":51,"column":28},"end":{"line":62,"column":null}}}},"branchMap":{"0":{"loc":{"start":{"line":38,"column":4},"end":{"line":38,"column":56}},"type":"if","locations":[{"start":{"line":38,"column":4},"end":{"line":38,"column":56}}]},"1":{"loc":{"start":{"line":38,"column":8},"end":{"line":38,"column":42}},"type":"binary-expr","locations":[{"start":{"line":38,"column":8},"end":{"line":38,"column":21}},{"start":{"line":38,"column":25},"end":{"line":38,"column":42}}]},"2":{"loc":{"start":{"line":40,"column":4},"end":{"line":44,"column":5}},"type":"if","locations":[{"start":{"line":40,"column":4},"end":{"line":44,"column":5}}]},"3":{"loc":{"start":{"line":40,"column":8},"end":{"line":40,"column":51}},"type":"binary-expr","locations":[{"start":{"line":40,"column":8},"end":{"line":40,"column":21}},{"start":{"line":40,"column":25},"end":{"line":40,"column":51}}]},"4":{"loc":{"start":{"line":54,"column":4},"end":{"line":59,"column":5}},"type":"if","locations":[{"start":{"line":54,"column":4},"end":{"line":59,"column":5}}]},"5":{"loc":{"start":{"line":54,"column":8},"end":{"line":54,"column":51}},"type":"binary-expr","locations":[{"start":{"line":54,"column":8},"end":{"line":54,"column":21}},{"start":{"line":54,"column":25},"end":{"line":54,"column":51}}]},"6":{"loc":{"start":{"line":18,"column":60},"end":{"line":18,"column":76}},"type":"cond-expr","locations":[{"start":{"line":18,"column":74},"end":{"line":18,"column":76}},{"start":{"line":18,"column":60},"end":{"line":18,"column":76}}]}},"s":{"0":0,"1":0,"2":0,"3":0,"4":0,"5":0,"6":0,"7":0,"8":0,"9":0,"10":0,"11":0,"12":0,"13":0,"14":0,"15":0,"16":0,"17":0,"18":0,"19":0,"20":0,"21":0,"22":0,"23":0,"24":0,"25":0,"26":0},"f":{"0":0,"1":0,"2":0,"3":0,"4":0,"5":0,"6":0},"b":{"0":[0],"1":[0,0],"2":[0],"3":[0,0],"4":[0],"5":[0,0],"6":[0,0]}}
,"/Volumes/Samsung_T5/SubProject/maumlab-assignment/renderer/src/commons/repositories/MessageRepository.ts": {"path":"/Volumes/Samsung_T5/SubProject/maumlab-assignment/renderer/src/commons/repositories/MessageRepository.ts","statementMap":{"0":{"start":{"line":12,"column":21},"end":{"line":12,"column":38}},"1":{"start":{"line":1,"column":32},"end":{"line":1,"column":null}},"2":{"start":{"line":3,"column":30},"end":{"line":3,"column":null}},"3":{"start":{"line":4,"column":26},"end":{"line":4,"column":null}},"4":{"start":{"line":5,"column":22},"end":{"line":5,"column":null}},"5":{"start":{"line":6,"column":35},"end":{"line":6,"column":null}},"6":{"start":{"line":8,"column":29},"end":{"line":8,"column":null}},"7":{"start":{"line":9,"column":19},"end":{"line":9,"column":null}},"8":{"start":{"line":12,"column":15},"end":{"line":71,"column":null}},"9":{"start":{"line":13,"column":21},"end":{"line":13,"column":59}},"10":{"start":{"line":24,"column":4},"end":{"line":24,"column":47}},"11":{"start":{"line":25,"column":4},"end":{"line":25,"column":41}},"12":{"start":{"line":29,"column":4},"end":{"line":43,"column":6}},"13":{"start":{"line":33,"column":33},"end":{"line":38,"column":13}},"14":{"start":{"line":35,"column":13},"end":{"line":38,"column":13}},"15":{"start":{"line":41,"column":8},"end":{"line":41,"column":45}},"16":{"start":{"line":45,"column":4},"end":{"line":45,"column":25}},"17":{"start":{"line":49,"column":4},"end":{"line":49,"column":48}},"18":{"start":{"line":53,"column":24},"end":{"line":53,"column":69}},"19":{"start":{"line":55,"column":4},"end":{"line":55,"column":53}},"20":{"start":{"line":55,"column":22},"end":{"line":55,"column":53}},"21":{"start":{"line":57,"column":36},"end":{"line":63,"column":5}},"22":{"start":{"line":65,"column":4},"end":{"line":69,"column":6}},"23":{"start":{"line":12,"column":21},"end":{"line":12,"column":null}}},"fnMap":{"0":{"name":"(anonymous_0)","decl":{"start":{"line":12,"column":21},"end":{"line":12,"column":38}},"loc":{"start":{"line":12,"column":21},"end":{"line":12,"column":38}}},"1":{"name":"(anonymous_9)","decl":{"start":{"line":19,"column":2},"end":{"line":19,"column":null}},"loc":{"start":{"line":23,"column":4},"end":{"line":26,"column":null}}},"2":{"name":"(anonymous_10)","decl":{"start":{"line":28,"column":2},"end":{"line":28,"column":18}},"loc":{"start":{"line":28,"column":53},"end":{"line":46,"column":null}}},"3":{"name":"(anonymous_11)","decl":{"start":{"line":32,"column":6},"end":{"line":32,"column":9}},"loc":{"start":{"line":32,"column":13},"end":{"line":42,"column":7}}},"4":{"name":"(anonymous_12)","decl":{"start":{"line":34,"column":10},"end":{"line":34,"column":11}},"loc":{"start":{"line":35,"column":13},"end":{"line":38,"column":13}}},"5":{"name":"(anonymous_13)","decl":{"start":{"line":48,"column":2},"end":{"line":48,"column":20}},"loc":{"start":{"line":48,"column":23},"end":{"line":50,"column":null}}},"6":{"name":"(anonymous_14)","decl":{"start":{"line":52,"column":8},"end":{"line":52,"column":19}},"loc":{"start":{"line":52,"column":71},"end":{"line":70,"column":null}}}},"branchMap":{"0":{"loc":{"start":{"line":31,"column":6},"end":{"line":31,"column":69}},"type":"cond-expr","locations":[{"start":{"line":31,"column":32},"end":{"line":31,"column":51}},{"start":{"line":31,"column":54},"end":{"line":31,"column":69}}]},"1":{"loc":{"start":{"line":55,"column":4},"end":{"line":55,"column":53}},"type":"if","locations":[{"start":{"line":55,"column":4},"end":{"line":55,"column":53}}]},"2":{"loc":{"start":{"line":68,"column":6},"end":{"line":68,"column":69}},"type":"cond-expr","locations":[{"start":{"line":68,"column":32},"end":{"line":68,"column":51}},{"start":{"line":68,"column":54},"end":{"line":68,"column":69}}]},"3":{"loc":{"start":{"line":20,"column":60},"end":{"line":20,"column":null}},"type":"cond-expr","locations":[{"start":{"line":20,"column":77},"end":{"line":20,"column":null}},{"start":{"line":20,"column":60},"end":{"line":20,"column":null}}]},"4":{"loc":{"start":{"line":22,"column":20},"end":{"line":22,"column":47}},"type":"cond-expr","locations":[{"start":{"line":22,"column":47},"end":{"line":22,"column":null}},{"start":{"line":22,"column":20},"end":{"line":22,"column":47}}]},"5":{"loc":{"start":{"line":22,"column":20},"end":{"line":22,"column":null}},"type":"binary-expr","locations":[{"start":{"line":22,"column":20},"end":{"line":22,"column":32}},{"start":{"line":22,"column":31},"end":{"line":22,"column":null}}]}},"s":{"0":0,"1":0,"2":0,"3":0,"4":0,"5":0,"6":0,"7":0,"8":0,"9":0,"10":0,"11":0,"12":0,"13":0,"14":0,"15":0,"16":0,"17":0,"18":0,"19":0,"20":0,"21":0,"22":0,"23":0},"f":{"0":0,"1":0,"2":0,"3":0,"4":0,"5":0,"6":0},"b":{"0":[0,0],"1":[0],"2":[0,0],"3":[0,0],"4":[0,0],"5":[0,0]}}
,"/Volumes/Samsung_T5/SubProject/maumlab-assignment/renderer/src/commons/repositories/RoomRepository.ts": {"path":"/Volumes/Samsung_T5/SubProject/maumlab-assignment/renderer/src/commons/repositories/RoomRepository.ts","statementMap":{"0":{"start":{"line":8,"column":21},"end":{"line":8,"column":35}},"1":{"start":{"line":1,"column":27},"end":{"line":1,"column":null}},"2":{"start":{"line":2,"column":27},"end":{"line":2,"column":null}},"3":{"start":{"line":3,"column":22},"end":{"line":3,"column":null}},"4":{"start":{"line":5,"column":35},"end":{"line":5,"column":null}},"5":{"start":{"line":8,"column":15},"end":{"line":57,"column":null}},"6":{"start":{"line":18,"column":4},"end":{"line":18,"column":41}},"7":{"start":{"line":19,"column":4},"end":{"line":19,"column":41}},"8":{"start":{"line":23,"column":27},"end":{"line":23,"column":72}},"9":{"start":{"line":25,"column":4},"end":{"line":25,"column":60}},"10":{"start":{"line":25,"column":25},"end":{"line":25,"column":60}},"11":{"start":{"line":27,"column":4},"end":{"line":27,"column":71}},"12":{"start":{"line":31,"column":4},"end":{"line":31,"column":52}},"13":{"start":{"line":35,"column":24},"end":{"line":35,"column":69}},"14":{"start":{"line":37,"column":4},"end":{"line":37,"column":53}},"15":{"start":{"line":37,"column":22},"end":{"line":37,"column":53}},"16":{"start":{"line":39,"column":4},"end":{"line":39,"column":80}},"17":{"start":{"line":43,"column":24},"end":{"line":43,"column":69}},"18":{"start":{"line":45,"column":4},"end":{"line":45,"column":53}},"19":{"start":{"line":45,"column":22},"end":{"line":45,"column":53}},"20":{"start":{"line":47,"column":4},"end":{"line":47,"column":80}},"21":{"start":{"line":51,"column":24},"end":{"line":51,"column":69}},"22":{"start":{"line":53,"column":4},"end":{"line":53,"column":53}},"23":{"start":{"line":53,"column":22},"end":{"line":53,"column":53}},"24":{"start":{"line":55,"column":4},"end":{"line":55,"column":74}},"25":{"start":{"line":8,"column":21},"end":{"line":8,"column":null}}},"fnMap":{"0":{"name":"(anonymous_0)","decl":{"start":{"line":8,"column":21},"end":{"line":8,"column":35}},"loc":{"start":{"line":8,"column":21},"end":{"line":8,"column":35}}},"1":{"name":"(anonymous_9)","decl":{"start":{"line":13,"column":2},"end":{"line":13,"column":null}},"loc":{"start":{"line":17,"column":4},"end":{"line":20,"column":null}}},"2":{"name":"(anonymous_10)","decl":{"start":{"line":22,"column":8},"end":{"line":22,"column":31}},"loc":{"start":{"line":22,"column":34},"end":{"line":28,"column":null}}},"3":{"name":"(anonymous_11)","decl":{"start":{"line":30,"column":8},"end":{"line":30,"column":26}},"loc":{"start":{"line":30,"column":29},"end":{"line":32,"column":null}}},"4":{"name":"(anonymous_12)","decl":{"start":{"line":34,"column":8},"end":{"line":34,"column":26}},"loc":{"start":{"line":34,"column":58},"end":{"line":40,"column":null}}},"5":{"name":"(anonymous_13)","decl":{"start":{"line":42,"column":8},"end":{"line":42,"column":30}},"loc":{"start":{"line":42,"column":48},"end":{"line":48,"column":null}}},"6":{"name":"(anonymous_14)","decl":{"start":{"line":50,"column":8},"end":{"line":50,"column":25}},"loc":{"start":{"line":50,"column":42},"end":{"line":56,"column":null}}}},"branchMap":{"0":{"loc":{"start":{"line":25,"column":4},"end":{"line":25,"column":60}},"type":"if","locations":[{"start":{"line":25,"column":4},"end":{"line":25,"column":60}}]},"1":{"loc":{"start":{"line":37,"column":4},"end":{"line":37,"column":53}},"type":"if","locations":[{"start":{"line":37,"column":4},"end":{"line":37,"column":53}}]},"2":{"loc":{"start":{"line":45,"column":4},"end":{"line":45,"column":53}},"type":"if","locations":[{"start":{"line":45,"column":4},"end":{"line":45,"column":53}}]},"3":{"loc":{"start":{"line":53,"column":4},"end":{"line":53,"column":53}},"type":"if","locations":[{"start":{"line":53,"column":4},"end":{"line":53,"column":53}}]},"4":{"loc":{"start":{"line":14,"column":54},"end":{"line":14,"column":null}},"type":"cond-expr","locations":[{"start":{"line":14,"column":68},"end":{"line":14,"column":null}},{"start":{"line":14,"column":54},"end":{"line":14,"column":null}}]},"5":{"loc":{"start":{"line":16,"column":20},"end":{"line":16,"column":45}},"type":"cond-expr","locations":[{"start":{"line":16,"column":45},"end":{"line":16,"column":null}},{"start":{"line":16,"column":20},"end":{"line":16,"column":45}}]},"6":{"loc":{"start":{"line":16,"column":20},"end":{"line":16,"column":null}},"type":"binary-expr","locations":[{"start":{"line":16,"column":20},"end":{"line":16,"column":30}},{"start":{"line":16,"column":29},"end":{"line":16,"column":null}}]}},"s":{"0":0,"1":0,"2":0,"3":0,"4":0,"5":0,"6":0,"7":0,"8":0,"9":0,"10":0,"11":0,"12":0,"13":0,"14":0,"15":0,"16":0,"17":0,"18":0,"19":0,"20":0,"21":0,"22":0,"23":0,"24":0,"25":0},"f":{"0":0,"1":0,"2":0,"3":0,"4":0,"5":0,"6":0},"b":{"0":[0],"1":[0],"2":[0],"3":[0],"4":[0,0],"5":[0,0],"6":[0,0]}}
,"/Volumes/Samsung_T5/SubProject/maumlab-assignment/renderer/src/commons/repositories/UserRepository.ts": {"path":"/Volumes/Samsung_T5/SubProject/maumlab-assignment/renderer/src/commons/repositories/UserRepository.ts","statementMap":{"0":{"start":{"line":8,"column":21},"end":{"line":8,"column":35}},"1":{"start":{"line":1,"column":27},"end":{"line":1,"column":null}},"2":{"start":{"line":2,"column":27},"end":{"line":2,"column":null}},"3":{"start":{"line":3,"column":22},"end":{"line":3,"column":null}},"4":{"start":{"line":5,"column":35},"end":{"line":5,"column":null}},"5":{"start":{"line":8,"column":15},"end":{"line":34,"column":null}},"6":{"start":{"line":18,"column":4},"end":{"line":18,"column":37}},"7":{"start":{"line":19,"column":4},"end":{"line":19,"column":41}},"8":{"start":{"line":23,"column":24},"end":{"line":23,"column":69}},"9":{"start":{"line":25,"column":4},"end":{"line":25,"column":34}},"10":{"start":{"line":25,"column":22},"end":{"line":25,"column":34}},"11":{"start":{"line":27,"column":20},"end":{"line":27,"column":75}},"12":{"start":{"line":29,"column":40},"end":{"line":29,"column":42}},"13":{"start":{"line":30,"column":4},"end":{"line":30,"column":75}},"14":{"start":{"line":30,"column":28},"end":{"line":30,"column":73}},"15":{"start":{"line":32,"column":4},"end":{"line":32,"column":17}},"16":{"start":{"line":8,"column":21},"end":{"line":8,"column":null}}},"fnMap":{"0":{"name":"(anonymous_0)","decl":{"start":{"line":8,"column":21},"end":{"line":8,"column":35}},"loc":{"start":{"line":8,"column":21},"end":{"line":8,"column":35}}},"1":{"name":"(anonymous_9)","decl":{"start":{"line":13,"column":2},"end":{"line":13,"column":null}},"loc":{"start":{"line":17,"column":4},"end":{"line":20,"column":null}}},"2":{"name":"(anonymous_10)","decl":{"start":{"line":22,"column":8},"end":{"line":22,"column":20}},"loc":{"start":{"line":22,"column":23},"end":{"line":33,"column":null}}},"3":{"name":"(anonymous_11)","decl":{"start":{"line":30,"column":20},"end":{"line":30,"column":24}},"loc":{"start":{"line":30,"column":28},"end":{"line":30,"column":73}}}},"branchMap":{"0":{"loc":{"start":{"line":25,"column":4},"end":{"line":25,"column":34}},"type":"if","locations":[{"start":{"line":25,"column":4},"end":{"line":25,"column":34}}]},"1":{"loc":{"start":{"line":14,"column":50},"end":{"line":14,"column":null}},"type":"cond-expr","locations":[{"start":{"line":14,"column":64},"end":{"line":14,"column":null}},{"start":{"line":14,"column":50},"end":{"line":14,"column":null}}]},"2":{"loc":{"start":{"line":16,"column":20},"end":{"line":16,"column":45}},"type":"cond-expr","locations":[{"start":{"line":16,"column":45},"end":{"line":16,"column":null}},{"start":{"line":16,"column":20},"end":{"line":16,"column":45}}]},"3":{"loc":{"start":{"line":16,"column":20},"end":{"line":16,"column":null}},"type":"binary-expr","locations":[{"start":{"line":16,"column":20},"end":{"line":16,"column":30}},{"start":{"line":16,"column":29},"end":{"line":16,"column":null}}]}},"s":{"0":0,"1":0,"2":0,"3":0,"4":0,"5":0,"6":0,"7":0,"8":0,"9":0,"10":0,"11":0,"12":0,"13":0,"14":0,"15":0,"16":0},"f":{"0":0,"1":0,"2":0,"3":0},"b":{"0":[0],"1":[0,0],"2":[0,0],"3":[0,0]}}
,"/Volumes/Samsung_T5/SubProject/maumlab-assignment/renderer/src/commons/type/container.ts": {"path":"/Volumes/Samsung_T5/SubProject/maumlab-assignment/renderer/src/commons/type/container.ts","statementMap":{"0":{"start":{"line":49,"column":0},"end":{"line":49,"column":15}},"1":{"start":{"line":1,"column":27},"end":{"line":1,"column":null}},"2":{"start":{"line":2,"column":30},"end":{"line":2,"column":null}},"3":{"start":{"line":3,"column":27},"end":{"line":3,"column":null}},"4":{"start":{"line":4,"column":27},"end":{"line":4,"column":null}},"5":{"start":{"line":5,"column":27},"end":{"line":5,"column":null}},"6":{"start":{"line":6,"column":26},"end":{"line":6,"column":null}},"7":{"start":{"line":7,"column":27},"end":{"line":7,"column":null}},"8":{"start":{"line":8,"column":27},"end":{"line":8,"column":null}},"9":{"start":{"line":9,"column":30},"end":{"line":9,"column":null}},"10":{"start":{"line":14,"column":25},"end":{"line":14,"column":null}},"11":{"start":{"line":15,"column":22},"end":{"line":15,"column":null}},"12":{"start":{"line":17,"column":21},"end":{"line":17,"column":36}},"13":{"start":{"line":19,"column":0},"end":{"line":21,"column":49}},"14":{"start":{"line":23,"column":0},"end":{"line":25,"column":43}},"15":{"start":{"line":26,"column":0},"end":{"line":28,"column":43}},"16":{"start":{"line":29,"column":0},"end":{"line":31,"column":46}},"17":{"start":{"line":33,"column":0},"end":{"line":35,"column":22}},"18":{"start":{"line":37,"column":0},"end":{"line":39,"column":22}},"19":{"start":{"line":41,"column":0},"end":{"line":43,"column":22}},"20":{"start":{"line":45,"column":0},"end":{"line":47,"column":25}},"21":{"start":{"line":49,"column":15},"end":{"line":49,"column":27}}},"fnMap":{"0":{"name":"(anonymous_0)","decl":{"start":{"line":49,"column":0},"end":{"line":49,"column":15}},"loc":{"start":{"line":49,"column":0},"end":{"line":49,"column":15}}}},"branchMap":{},"s":{"0":0,"1":0,"2":0,"3":0,"4":0,"5":0,"6":0,"7":0,"8":0,"9":0,"10":0,"11":0,"12":0,"13":0,"14":0,"15":0,"16":0,"17":0,"18":0,"19":0,"20":0,"21":0},"f":{"0":0},"b":{}}
,"/Volumes/Samsung_T5/SubProject/maumlab-assignment/renderer/src/components/common/alert/AlertMessage.tsx": {"path":"/Volumes/Samsung_T5/SubProject/maumlab-assignment/renderer/src/components/common/alert/AlertMessage.tsx","statementMap":{"0":{"start":{"line":6,"column":24},"end":{"line":6,"column":36}},"1":{"start":{"line":2,"column":32},"end":{"line":2,"column":null}},"2":{"start":{"line":3,"column":24},"end":{"line":3,"column":null}},"3":{"start":{"line":4,"column":26},"end":{"line":4,"column":null}},"4":{"start":{"line":7,"column":23},"end":{"line":7,"column":40}},"5":{"start":{"line":9,"column":38},"end":{"line":9,"column":58}},"6":{"start":{"line":11,"column":2},"end":{"line":18,"column":33}},"7":{"start":{"line":12,"column":4},"end":{"line":17,"column":5}},"8":{"start":{"line":13,"column":6},"end":{"line":16,"column":9}},"9":{"start":{"line":20,"column":2},"end":{"line":20,"column":30}}},"fnMap":{"0":{"name":"(anonymous_0)","decl":{"start":{"line":6,"column":24},"end":{"line":6,"column":36}},"loc":{"start":{"line":6,"column":24},"end":{"line":6,"column":36}}},"1":{"name":"(anonymous_2)","decl":{"start":{"line":11,"column":12},"end":{"line":11,"column":18}},"loc":{"start":{"line":11,"column":18},"end":{"line":18,"column":3}}}},"branchMap":{"0":{"loc":{"start":{"line":12,"column":4},"end":{"line":17,"column":5}},"type":"if","locations":[{"start":{"line":12,"column":4},"end":{"line":17,"column":5}}]}},"s":{"0":32,"1":5,"2":5,"3":5,"4":50,"5":50,"6":50,"7":41,"8":9,"9":50},"f":{"0":82,"1":41},"b":{"0":[9]}}
,"/Volumes/Samsung_T5/SubProject/maumlab-assignment/renderer/src/components/common/inputs/NormalInput/NormalInput.tsx": {"path":"/Volumes/Samsung_T5/SubProject/maumlab-assignment/renderer/src/components/common/inputs/NormalInput/NormalInput.tsx","statementMap":{"0":{"start":{"line":11,"column":24},"end":{"line":11,"column":35}},"1":{"start":{"line":3,"column":27},"end":{"line":3,"column":null}},"2":{"start":{"line":4,"column":25},"end":{"line":4,"column":null}},"3":{"start":{"line":16,"column":2},"end":{"line":24,"column":null}},"4":{"start":{"line":22,"column":8},"end":{"line":22,"column":77}},"5":{"start":{"line":22,"column":62},"end":{"line":22,"column":73}}},"fnMap":{"0":{"name":"(anonymous_0)","decl":{"start":{"line":11,"column":24},"end":{"line":11,"column":35}},"loc":{"start":{"line":11,"column":24},"end":{"line":11,"column":35}}},"1":{"name":"(anonymous_3)","decl":{"start":{"line":21,"column":14},"end":{"line":21,"column":15}},"loc":{"start":{"line":22,"column":8},"end":{"line":22,"column":77}}},"2":{"name":"(anonymous_4)","decl":{"start":{"line":22,"column":57},"end":{"line":22,"column":58}},"loc":{"start":{"line":22,"column":62},"end":{"line":22,"column":73}}}},"branchMap":{},"s":{"0":220,"1":4,"2":4,"3":220,"4":553,"5":333},"f":{"0":440,"1":553,"2":333},"b":{}}
,"/Volumes/Samsung_T5/SubProject/maumlab-assignment/renderer/src/components/common/items/userItem/UserItem.tsx": {"path":"/Volumes/Samsung_T5/SubProject/maumlab-assignment/renderer/src/components/common/items/userItem/UserItem.tsx","statementMap":{"0":{"start":{"line":13,"column":24},"end":{"line":13,"column":32}},"1":{"start":{"line":3,"column":35},"end":{"line":3,"column":null}},"2":{"start":{"line":4,"column":24},"end":{"line":4,"column":null}},"3":{"start":{"line":5,"column":19},"end":{"line":5,"column":null}},"4":{"start":{"line":6,"column":27},"end":{"line":6,"column":null}},"5":{"start":{"line":14,"column":16},"end":{"line":22,"column":null}},"6":{"start":{"line":16,"column":6},"end":{"line":21,"column":8}},"7":{"start":{"line":24,"column":2},"end":{"line":31,"column":null}}},"fnMap":{"0":{"name":"(anonymous_0)","decl":{"start":{"line":13,"column":24},"end":{"line":13,"column":32}},"loc":{"start":{"line":13,"column":24},"end":{"line":13,"column":32}}},"1":{"name":"(anonymous_6)","decl":{"start":{"line":15,"column":4},"end":{"line":15,"column":null}},"loc":{"start":{"line":16,"column":6},"end":{"line":21,"column":8}}}},"branchMap":{},"s":{"0":32,"1":2,"2":2,"3":2,"4":2,"5":32,"6":14,"7":32},"f":{"0":64,"1":14},"b":{}}
,"/Volumes/Samsung_T5/SubProject/maumlab-assignment/renderer/src/components/common/layout/Layout.tsx": {"path":"/Volumes/Samsung_T5/SubProject/maumlab-assignment/renderer/src/components/common/layout/Layout.tsx","statementMap":{"0":{"start":{"line":19,"column":24},"end":{"line":19,"column":30}},"1":{"start":{"line":1,"column":26},"end":{"line":1,"column":null}},"2":{"start":{"line":2,"column":34},"end":{"line":2,"column":null}},"3":{"start":{"line":4,"column":26},"end":{"line":4,"column":null}},"4":{"start":{"line":5,"column":14},"end":{"line":5,"column":null}},"5":{"start":{"line":6,"column":17},"end":{"line":6,"column":null}},"6":{"start":{"line":7,"column":19},"end":{"line":7,"column":null}},"7":{"start":{"line":9,"column":25},"end":{"line":15,"column":1}},"8":{"start":{"line":17,"column":20},"end":{"line":17,"column":76}},"9":{"start":{"line":20,"column":17},"end":{"line":20,"column":28}},"10":{"start":{"line":22,"column":31},"end":{"line":29,"column":3}},"11":{"start":{"line":23,"column":4},"end":{"line":26,"column":5}},"12":{"start":{"line":24,"column":6},"end":{"line":24,"column":32}},"13":{"start":{"line":25,"column":6},"end":{"line":25,"column":13}},"14":{"start":{"line":28,"column":4},"end":{"line":28,"column":18}},"15":{"start":{"line":31,"column":2},"end":{"line":49,"column":null}}},"fnMap":{"0":{"name":"(anonymous_0)","decl":{"start":{"line":19,"column":24},"end":{"line":19,"column":30}},"loc":{"start":{"line":19,"column":24},"end":{"line":19,"column":30}}},"1":{"name":"(anonymous_6)","decl":{"start":{"line":22,"column":31},"end":{"line":22,"column":37}},"loc":{"start":{"line":22,"column":37},"end":{"line":29,"column":3}}}},"branchMap":{"0":{"loc":{"start":{"line":23,"column":4},"end":{"line":26,"column":5}},"type":"if","locations":[{"start":{"line":23,"column":4},"end":{"line":26,"column":5}}]},"1":{"loc":{"start":{"line":33,"column":7},"end":{"line":36,"column":24}},"type":"binary-expr","locations":[{"start":{"line":33,"column":7},"end":{"line":33,"column":52}},{"start":{"line":34,"column":8},"end":{"line":36,"column":24}}]},"2":{"loc":{"start":{"line":40,"column":9},"end":{"line":45,"column":28}},"type":"binary-expr","locations":[{"start":{"line":40,"column":9},"end":{"line":40,"column":49}},{"start":{"line":41,"column":10},"end":{"line":45,"column":28}}]}},"s":{"0":0,"1":0,"2":0,"3":0,"4":0,"5":0,"6":0,"7":0,"8":0,"9":0,"10":0,"11":0,"12":0,"13":0,"14":0,"15":0},"f":{"0":0,"1":0},"b":{"0":[0],"1":[0,0],"2":[0,0]}}
,"/Volumes/Samsung_T5/SubProject/maumlab-assignment/renderer/src/components/common/layout/Menu.tsx": {"path":"/Volumes/Samsung_T5/SubProject/maumlab-assignment/renderer/src/components/common/layout/Menu.tsx","statementMap":{"0":{"start":{"line":42,"column":24},"end":{"line":42,"column":28}},"1":{"start":{"line":2,"column":33},"end":{"line":2,"column":null}},"2":{"start":{"line":8,"column":7},"end":{"line":8,"column":null}},"3":{"start":{"line":9,"column":26},"end":{"line":9,"column":null}},"4":{"start":{"line":15,"column":7},"end":{"line":15,"column":null}},"5":{"start":{"line":26,"column":2},"end":{"line":32,"column":16}},"6":{"start":{"line":35,"column":26},"end":{"line":40,"column":1}},"7":{"start":{"line":43,"column":17},"end":{"line":43,"column":28}},"8":{"start":{"line":45,"column":52},"end":{"line":47,"column":3}},"9":{"start":{"line":46,"column":4},"end":{"line":46,"column":21}},"10":{"start":{"line":49,"column":2},"end":{"line":57,"column":null}}},"fnMap":{"0":{"name":"(anonymous_0)","decl":{"start":{"line":42,"column":24},"end":{"line":42,"column":28}},"loc":{"start":{"line":42,"column":24},"end":{"line":42,"column":28}}},"1":{"name":"getItem","decl":{"start":{"line":19,"column":9},"end":{"line":19,"column":16}},"loc":{"start":{"line":25,"column":12},"end":{"line":33,"column":1}}},"2":{"name":"(anonymous_3)","decl":{"start":{"line":45,"column":52},"end":{"line":45,"column":53}},"loc":{"start":{"line":45,"column":65},"end":{"line":47,"column":3}}}},"branchMap":{},"s":{"0":0,"1":0,"2":0,"3":0,"4":0,"5":0,"6":0,"7":0,"8":0,"9":0,"10":0},"f":{"0":0,"1":0,"2":0},"b":{}}
,"/Volumes/Samsung_T5/SubProject/maumlab-assignment/renderer/src/components/unit/auth/login/Login.container.tsx": {"path":"/Volumes/Samsung_T5/SubProject/maumlab-assignment/renderer/src/components/unit/auth/login/Login.container.tsx","statementMap":{"0":{"start":{"line":23,"column":24},"end":{"line":23,"column":38}},"1":{"start":{"line":1,"column":43},"end":{"line":1,"column":null}},"2":{"start":{"line":2,"column":46},"end":{"line":2,"column":null}},"3":{"start":{"line":3,"column":25},"end":{"line":3,"column":null}},"4":{"start":{"line":5,"column":23},"end":{"line":5,"column":null}},"5":{"start":{"line":6,"column":17},"end":{"line":6,"column":null}},"6":{"start":{"line":7,"column":28},"end":{"line":7,"column":null}},"7":{"start":{"line":8,"column":28},"end":{"line":8,"column":null}},"8":{"start":{"line":9,"column":26},"end":{"line":9,"column":null}},"9":{"start":{"line":10,"column":24},"end":{"line":10,"column":null}},"10":{"start":{"line":11,"column":24},"end":{"line":11,"column":null}},"11":{"start":{"line":15,"column":7},"end":{"line":15,"column":null}},"12":{"start":{"line":16,"column":36},"end":{"line":16,"column":null}},"13":{"start":{"line":20,"column":7},"end":{"line":20,"column":null}},"14":{"start":{"line":21,"column":19},"end":{"line":21,"column":null}},"15":{"start":{"line":24,"column":47},"end":{"line":27,"column":4}},"16":{"start":{"line":29,"column":17},"end":{"line":29,"column":28}},"17":{"start":{"line":30,"column":16},"end":{"line":30,"column":26}},"18":{"start":{"line":31,"column":20},"end":{"line":31,"column":41}},"19":{"start":{"line":33,"column":27},"end":{"line":42,"column":4}},"20":{"start":{"line":34,"column":4},"end":{"line":41,"column":5}},"21":{"start":{"line":35,"column":6},"end":{"line":35,"column":43}},"22":{"start":{"line":36,"column":6},"end":{"line":36,"column":29}},"23":{"start":{"line":38,"column":6},"end":{"line":40,"column":7}},"24":{"start":{"line":39,"column":8},"end":{"line":39,"column":38}},"25":{"start":{"line":44,"column":2},"end":{"line":91,"column":null}}},"fnMap":{"0":{"name":"(anonymous_0)","decl":{"start":{"line":23,"column":24},"end":{"line":23,"column":38}},"loc":{"start":{"line":23,"column":24},"end":{"line":23,"column":38}}},"1":{"name":"(anonymous_6)","decl":{"start":{"line":33,"column":40},"end":{"line":33,"column":47}},"loc":{"start":{"line":33,"column":63},"end":{"line":42,"column":3}}}},"branchMap":{"0":{"loc":{"start":{"line":38,"column":6},"end":{"line":40,"column":7}},"type":"if","locations":[{"start":{"line":38,"column":6},"end":{"line":40,"column":7}}]},"1":{"loc":{"start":{"line":56,"column":29},"end":{"line":56,"column":66}},"type":"binary-expr","locations":[{"start":{"line":56,"column":29},"end":{"line":56,"column":60}},{"start":{"line":56,"column":64},"end":{"line":56,"column":66}}]},"2":{"loc":{"start":{"line":68,"column":20},"end":{"line":68,"column":60}},"type":"binary-expr","locations":[{"start":{"line":68,"column":20},"end":{"line":68,"column":54}},{"start":{"line":68,"column":58},"end":{"line":68,"column":60}}]}},"s":{"0":7,"1":1,"2":1,"3":1,"4":1,"5":1,"6":1,"7":1,"8":1,"9":1,"10":1,"11":1,"12":1,"13":1,"14":1,"15":25,"16":25,"17":25,"18":25,"19":25,"20":3,"21":3,"22":2,"23":1,"24":1,"25":25},"f":{"0":32,"1":3},"b":{"0":[1],"1":[25,19],"2":[25,20]}}
,"/Volumes/Samsung_T5/SubProject/maumlab-assignment/renderer/src/components/unit/auth/register/RegisterUser.container.tsx": {"path":"/Volumes/Samsung_T5/SubProject/maumlab-assignment/renderer/src/components/unit/auth/register/RegisterUser.container.tsx","statementMap":{"0":{"start":{"line":23,"column":24},"end":{"line":23,"column":45}},"1":{"start":{"line":1,"column":27},"end":{"line":1,"column":null}},"2":{"start":{"line":2,"column":32},"end":{"line":2,"column":null}},"3":{"start":{"line":4,"column":23},"end":{"line":4,"column":null}},"4":{"start":{"line":5,"column":26},"end":{"line":5,"column":null}},"5":{"start":{"line":6,"column":24},"end":{"line":6,"column":null}},"6":{"start":{"line":7,"column":28},"end":{"line":7,"column":null}},"7":{"start":{"line":8,"column":35},"end":{"line":8,"column":null}},"8":{"start":{"line":9,"column":24},"end":{"line":9,"column":null}},"9":{"start":{"line":13,"column":7},"end":{"line":13,"column":null}},"10":{"start":{"line":14,"column":36},"end":{"line":14,"column":null}},"11":{"start":{"line":20,"column":7},"end":{"line":20,"column":null}},"12":{"start":{"line":21,"column":19},"end":{"line":21,"column":null}},"13":{"start":{"line":24,"column":47},"end":{"line":27,"column":4}},"14":{"start":{"line":29,"column":17},"end":{"line":29,"column":28}},"15":{"start":{"line":30,"column":23},"end":{"line":30,"column":40}},"16":{"start":{"line":31,"column":20},"end":{"line":31,"column":41}},"17":{"start":{"line":33,"column":30},"end":{"line":49,"column":4}},"18":{"start":{"line":34,"column":39},"end":{"line":38,"column":5}},"19":{"start":{"line":40,"column":4},"end":{"line":48,"column":5}},"20":{"start":{"line":41,"column":6},"end":{"line":41,"column":31}},"21":{"start":{"line":42,"column":6},"end":{"line":42,"column":55}},"22":{"start":{"line":43,"column":6},"end":{"line":43,"column":33}},"23":{"start":{"line":45,"column":6},"end":{"line":47,"column":7}},"24":{"start":{"line":46,"column":8},"end":{"line":46,"column":38}},"25":{"start":{"line":51,"column":2},"end":{"line":111,"column":null}}},"fnMap":{"0":{"name":"(anonymous_0)","decl":{"start":{"line":23,"column":24},"end":{"line":23,"column":45}},"loc":{"start":{"line":23,"column":24},"end":{"line":23,"column":45}}},"1":{"name":"(anonymous_6)","decl":{"start":{"line":33,"column":43},"end":{"line":33,"column":50}},"loc":{"start":{"line":33,"column":66},"end":{"line":49,"column":3}}}},"branchMap":{"0":{"loc":{"start":{"line":45,"column":6},"end":{"line":47,"column":7}},"type":"if","locations":[{"start":{"line":45,"column":6},"end":{"line":47,"column":7}}]},"1":{"loc":{"start":{"line":61,"column":29},"end":{"line":61,"column":66}},"type":"binary-expr","locations":[{"start":{"line":61,"column":29},"end":{"line":61,"column":60}},{"start":{"line":61,"column":64},"end":{"line":61,"column":66}}]},"2":{"loc":{"start":{"line":71,"column":20},"end":{"line":71,"column":60}},"type":"binary-expr","locations":[{"start":{"line":71,"column":20},"end":{"line":71,"column":54}},{"start":{"line":71,"column":58},"end":{"line":71,"column":60}}]},"3":{"loc":{"start":{"line":83,"column":20},"end":{"line":83,"column":60}},"type":"binary-expr","locations":[{"start":{"line":83,"column":20},"end":{"line":83,"column":54}},{"start":{"line":83,"column":58},"end":{"line":83,"column":60}}]},"4":{"loc":{"start":{"line":95,"column":20},"end":{"line":95,"column":65}},"type":"binary-expr","locations":[{"start":{"line":95,"column":20},"end":{"line":95,"column":59}},{"start":{"line":95,"column":63},"end":{"line":95,"column":65}}]}},"s":{"0":8,"1":1,"2":1,"3":1,"4":1,"5":1,"6":1,"7":1,"8":1,"9":1,"10":1,"11":1,"12":1,"13":34,"14":34,"15":34,"16":34,"17":34,"18":3,"19":3,"20":3,"21":2,"22":2,"23":1,"24":1,"25":34},"f":{"0":42,"1":3},"b":{"0":[1],"1":[34,26],"2":[34,31],"3":[34,28],"4":[34,29]}}
,"/Volumes/Samsung_T5/SubProject/maumlab-assignment/renderer/src/components/unit/chat/chatRoom/ChatRoom.container.tsx": {"path":"/Volumes/Samsung_T5/SubProject/maumlab-assignment/renderer/src/components/unit/chat/chatRoom/ChatRoom.container.tsx","statementMap":{"0":{"start":{"line":14,"column":24},"end":{"line":14,"column":41}},"1":{"start":{"line":1,"column":36},"end":{"line":1,"column":null}},"2":{"start":{"line":2,"column":37},"end":{"line":2,"column":null}},"3":{"start":{"line":7,"column":7},"end":{"line":7,"column":null}},"4":{"start":{"line":9,"column":26},"end":{"line":9,"column":null}},"5":{"start":{"line":10,"column":51},"end":{"line":10,"column":null}},"6":{"start":{"line":11,"column":24},"end":{"line":11,"column":null}},"7":{"start":{"line":12,"column":23},"end":{"line":12,"column":null}},"8":{"start":{"line":15,"column":17},"end":{"line":15,"column":28}},"9":{"start":{"line":17,"column":26},"end":{"line":17,"column":55}},"10":{"start":{"line":18,"column":40},"end":{"line":18,"column":49}},"11":{"start":{"line":20,"column":19},"end":{"line":20,"column":32}},"12":{"start":{"line":21,"column":22},"end":{"line":21,"column":38}},"13":{"start":{"line":22,"column":20},"end":{"line":22,"column":41}},"14":{"start":{"line":23,"column":24},"end":{"line":23,"column":47}},"15":{"start":{"line":24,"column":28},"end":{"line":24,"column":50}},"16":{"start":{"line":26,"column":2},"end":{"line":46,"column":9}},"17":{"start":{"line":27,"column":19},"end":{"line":27,"column":56}},"18":{"start":{"line":28,"column":17},"end":{"line":28,"column":48}},"19":{"start":{"line":30,"column":4},"end":{"line":30,"column":33}},"20":{"start":{"line":30,"column":26},"end":{"line":30,"column":33}},"21":{"start":{"line":32,"column":20},"end":{"line":35,"column":5}},"22":{"start":{"line":33,"column":19},"end":{"line":33,"column":44}},"23":{"start":{"line":34,"column":6},"end":{"line":34,"column":37}},"24":{"start":{"line":37,"column":4},"end":{"line":45,"column":5}},"25":{"start":{"line":38,"column":6},"end":{"line":38,"column":34}},"26":{"start":{"line":39,"column":6},"end":{"line":39,"column":16}},"27":{"start":{"line":41,"column":6},"end":{"line":44,"column":7}},"28":{"start":{"line":42,"column":8},"end":{"line":42,"column":40}},"29":{"start":{"line":43,"column":8},"end":{"line":43,"column":38}},"30":{"start":{"line":48,"column":33},"end":{"line":64,"column":3}},"31":{"start":{"line":49,"column":19},"end":{"line":49,"column":56}},"32":{"start":{"line":50,"column":17},"end":{"line":50,"column":48}},"33":{"start":{"line":51,"column":20},"end":{"line":51,"column":40}},"34":{"start":{"line":53,"column":4},"end":{"line":53,"column":36}},"35":{"start":{"line":53,"column":29},"end":{"line":53,"column":36}},"36":{"start":{"line":55,"column":4},"end":{"line":61,"column":5}},"37":{"start":{"line":56,"column":6},"end":{"line":56,"column":41}},"38":{"start":{"line":58,"column":6},"end":{"line":60,"column":7}},"39":{"start":{"line":59,"column":8},"end":{"line":59,"column":38}},"40":{"start":{"line":63,"column":4},"end":{"line":63,"column":27}},"41":{"start":{"line":66,"column":2},"end":{"line":73,"column":null}}},"fnMap":{"0":{"name":"(anonymous_0)","decl":{"start":{"line":14,"column":24},"end":{"line":14,"column":41}},"loc":{"start":{"line":14,"column":24},"end":{"line":14,"column":41}}},"1":{"name":"(anonymous_3)","decl":{"start":{"line":26,"column":12},"end":{"line":26,"column":18}},"loc":{"start":{"line":26,"column":18},"end":{"line":46,"column":3}}},"2":{"name":"(anonymous_4)","decl":{"start":{"line":32,"column":20},"end":{"line":32,"column":32}},"loc":{"start":{"line":32,"column":32},"end":{"line":35,"column":5}}},"3":{"name":"(anonymous_5)","decl":{"start":{"line":48,"column":33},"end":{"line":48,"column":39}},"loc":{"start":{"line":48,"column":39},"end":{"line":64,"column":3}}}},"branchMap":{"0":{"loc":{"start":{"line":27,"column":26},"end":{"line":27,"column":55}},"type":"binary-expr","locations":[{"start":{"line":27,"column":26},"end":{"line":27,"column":49}},{"start":{"line":27,"column":53},"end":{"line":27,"column":55}}]},"1":{"loc":{"start":{"line":28,"column":24},"end":{"line":28,"column":47}},"type":"binary-expr","locations":[{"start":{"line":28,"column":24},"end":{"line":28,"column":41}},{"start":{"line":28,"column":45},"end":{"line":28,"column":47}}]},"2":{"loc":{"start":{"line":30,"column":4},"end":{"line":30,"column":33}},"type":"if","locations":[{"start":{"line":30,"column":4},"end":{"line":30,"column":33}}]},"3":{"loc":{"start":{"line":30,"column":8},"end":{"line":30,"column":24}},"type":"binary-expr","locations":[{"start":{"line":30,"column":8},"end":{"line":30,"column":15}},{"start":{"line":30,"column":19},"end":{"line":30,"column":24}}]},"4":{"loc":{"start":{"line":41,"column":6},"end":{"line":44,"column":7}},"type":"if","locations":[{"start":{"line":41,"column":6},"end":{"line":44,"column":7}}]},"5":{"loc":{"start":{"line":49,"column":26},"end":{"line":49,"column":55}},"type":"binary-expr","locations":[{"start":{"line":49,"column":26},"end":{"line":49,"column":49}},{"start":{"line":49,"column":53},"end":{"line":49,"column":55}}]},"6":{"loc":{"start":{"line":50,"column":24},"end":{"line":50,"column":47}},"type":"binary-expr","locations":[{"start":{"line":50,"column":24},"end":{"line":50,"column":41}},{"start":{"line":50,"column":45},"end":{"line":50,"column":47}}]},"7":{"loc":{"start":{"line":53,"column":4},"end":{"line":53,"column":36}},"type":"if","locations":[{"start":{"line":53,"column":4},"end":{"line":53,"column":36}}]},"8":{"loc":{"start":{"line":53,"column":8},"end":{"line":53,"column":27}},"type":"binary-expr","locations":[{"start":{"line":53,"column":8},"end":{"line":53,"column":15}},{"start":{"line":53,"column":19},"end":{"line":53,"column":27}}]},"9":{"loc":{"start":{"line":58,"column":6},"end":{"line":60,"column":7}},"type":"if","locations":[{"start":{"line":58,"column":6},"end":{"line":60,"column":7}}]}},"s":{"0":6,"1":1,"2":1,"3":1,"4":1,"5":1,"6":1,"7":1,"8":15,"9":14,"10":14,"11":14,"12":14,"13":14,"14":14,"15":14,"16":14,"17":6,"18":6,"19":6,"20":0,"21":6,"22":4,"23":4,"24":6,"25":6,"26":4,"27":2,"28":2,"29":2,"30":14,"31":2,"32":2,"33":2,"34":2,"35":0,"36":2,"37":2,"38":1,"39":1,"40":2,"41":14},"f":{"0":21,"1":6,"2":4,"3":2},"b":{"0":[6,0],"1":[6,0],"2":[0],"3":[6,6],"4":[2],"5":[2,0],"6":[2,0],"7":[0],"8":[2,2],"9":[1]}}
,"/Volumes/Samsung_T5/SubProject/maumlab-assignment/renderer/src/components/unit/chat/chatRoom/ChatRoom.presenter.tsx": {"path":"/Volumes/Samsung_T5/SubProject/maumlab-assignment/renderer/src/components/unit/chat/chatRoom/ChatRoom.presenter.tsx","statementMap":{"0":{"start":{"line":18,"column":24},"end":{"line":18,"column":34}},"1":{"start":{"line":1,"column":36},"end":{"line":1,"column":null}},"2":{"start":{"line":4,"column":30},"end":{"line":4,"column":null}},"3":{"start":{"line":5,"column":34},"end":{"line":5,"column":null}},"4":{"start":{"line":7,"column":24},"end":{"line":7,"column":null}},"5":{"start":{"line":8,"column":19},"end":{"line":8,"column":null}},"6":{"start":{"line":9,"column":24},"end":{"line":9,"column":null}},"7":{"start":{"line":25,"column":20},"end":{"line":25,"column":48}},"8":{"start":{"line":27,"column":2},"end":{"line":29,"column":5}},"9":{"start":{"line":28,"column":4},"end":{"line":28,"column":62}},"10":{"start":{"line":31,"column":2},"end":{"line":54,"column":null}},"11":{"start":{"line":36,"column":10},"end":{"line":37,"column":null}}},"fnMap":{"0":{"name":"(anonymous_0)","decl":{"start":{"line":18,"column":24},"end":{"line":18,"column":34}},"loc":{"start":{"line":18,"column":24},"end":{"line":18,"column":34}}},"1":{"name":"(anonymous_6)","decl":{"start":{"line":27,"column":12},"end":{"line":27,"column":18}},"loc":{"start":{"line":27,"column":18},"end":{"line":29,"column":3}}},"2":{"name":"(anonymous_7)","decl":{"start":{"line":35,"column":34},"end":{"line":35,"column":41}},"loc":{"start":{"line":36,"column":10},"end":{"line":37,"column":null}}}},"branchMap":{"0":{"loc":{"start":{"line":35,"column":10},"end":{"line":35,"column":27}},"type":"binary-expr","locations":[{"start":{"line":35,"column":10},"end":{"line":35,"column":21}},{"start":{"line":35,"column":25},"end":{"line":35,"column":27}}]},"1":{"loc":{"start":{"line":39,"column":49},"end":{"line":39,"column":72}},"type":"binary-expr","locations":[{"start":{"line":39,"column":49},"end":{"line":39,"column":66}},{"start":{"line":39,"column":70},"end":{"line":39,"column":72}}]}},"s":{"0":14,"1":1,"2":1,"3":1,"4":1,"5":1,"6":1,"7":14,"8":14,"9":14,"10":14,"11":4},"f":{"0":28,"1":14,"2":4},"b":{"0":[14,9],"1":[4,3]}}
,"/Volumes/Samsung_T5/SubProject/maumlab-assignment/renderer/src/components/unit/chat/chatRoom/messageItem/MessageItem.tsx": {"path":"/Volumes/Samsung_T5/SubProject/maumlab-assignment/renderer/src/components/unit/chat/chatRoom/messageItem/MessageItem.tsx","statementMap":{"0":{"start":{"line":12,"column":24},"end":{"line":12,"column":35}},"1":{"start":{"line":2,"column":24},"end":{"line":2,"column":null}},"2":{"start":{"line":3,"column":24},"end":{"line":3,"column":null}},"3":{"start":{"line":4,"column":27},"end":{"line":4,"column":null}},"4":{"start":{"line":5,"column":19},"end":{"line":5,"column":null}},"5":{"start":{"line":13,"column":16},"end":{"line":21,"column":null}},"6":{"start":{"line":15,"column":6},"end":{"line":20,"column":8}},"7":{"start":{"line":24,"column":2},"end":{"line":39,"column":null}}},"fnMap":{"0":{"name":"(anonymous_0)","decl":{"start":{"line":12,"column":24},"end":{"line":12,"column":35}},"loc":{"start":{"line":12,"column":24},"end":{"line":12,"column":35}}},"1":{"name":"(anonymous_6)","decl":{"start":{"line":14,"column":4},"end":{"line":14,"column":null}},"loc":{"start":{"line":15,"column":6},"end":{"line":20,"column":8}}}},"branchMap":{"0":{"loc":{"start":{"line":26,"column":7},"end":{"line":29,"column":21}},"type":"binary-expr","locations":[{"start":{"line":26,"column":7},"end":{"line":26,"column":13}},{"start":{"line":27,"column":8},"end":{"line":29,"column":21}}]},"1":{"loc":{"start":{"line":32,"column":34},"end":{"line":32,"column":68}},"type":"cond-expr","locations":[{"start":{"line":32,"column":43},"end":{"line":32,"column":53}},{"start":{"line":32,"column":56},"end":{"line":32,"column":68}}]},"2":{"loc":{"start":{"line":34,"column":9},"end":{"line":34,"column":null}},"type":"binary-expr","locations":[{"start":{"line":34,"column":9},"end":{"line":34,"column":15}},{"start":{"line":34,"column":19},"end":{"line":34,"column":null}}]},"3":{"loc":{"start":{"line":35,"column":46},"end":{"line":35,"column":70}},"type":"cond-expr","locations":[{"start":{"line":35,"column":55},"end":{"line":35,"column":60}},{"start":{"line":35,"column":63},"end":{"line":35,"column":70}}]}},"s":{"0":4,"1":1,"2":1,"3":1,"4":1,"5":4,"6":3,"7":4},"f":{"0":8,"1":3},"b":{"0":[4,0],"1":[4,0],"2":[4,0],"3":[4,0]}}
,"/Volumes/Samsung_T5/SubProject/maumlab-assignment/renderer/src/components/unit/chat/chatRoomList/ChatList.container.tsx": {"path":"/Volumes/Samsung_T5/SubProject/maumlab-assignment/renderer/src/components/unit/chat/chatRoomList/ChatList.container.tsx","statementMap":{"0":{"start":{"line":13,"column":24},"end":{"line":13,"column":41}},"1":{"start":{"line":1,"column":38},"end":{"line":1,"column":null}},"2":{"start":{"line":3,"column":26},"end":{"line":3,"column":null}},"3":{"start":{"line":4,"column":23},"end":{"line":4,"column":null}},"4":{"start":{"line":19,"column":17},"end":{"line":19,"column":28}},"5":{"start":{"line":21,"column":36},"end":{"line":23,"column":3}},"6":{"start":{"line":22,"column":4},"end":{"line":22,"column":39}},"7":{"start":{"line":25,"column":2},"end":{"line":32,"column":null}}},"fnMap":{"0":{"name":"(anonymous_0)","decl":{"start":{"line":13,"column":24},"end":{"line":13,"column":41}},"loc":{"start":{"line":13,"column":24},"end":{"line":13,"column":41}}},"1":{"name":"(anonymous_3)","decl":{"start":{"line":21,"column":36},"end":{"line":21,"column":42}},"loc":{"start":{"line":21,"column":42},"end":{"line":23,"column":3}}}},"branchMap":{},"s":{"0":4,"1":1,"2":1,"3":1,"4":5,"5":5,"6":1,"7":5},"f":{"0":9,"1":1},"b":{}}
,"/Volumes/Samsung_T5/SubProject/maumlab-assignment/renderer/src/components/unit/chat/chatRoomList/ChatList.presenter.tsx": {"path":"/Volumes/Samsung_T5/SubProject/maumlab-assignment/renderer/src/components/unit/chat/chatRoomList/ChatList.presenter.tsx","statementMap":{"0":{"start":{"line":18,"column":24},"end":{"line":18,"column":34}},"1":{"start":{"line":1,"column":29},"end":{"line":1,"column":null}},"2":{"start":{"line":3,"column":25},"end":{"line":3,"column":null}},"3":{"start":{"line":7,"column":7},"end":{"line":7,"column":null}},"4":{"start":{"line":8,"column":19},"end":{"line":8,"column":null}},"5":{"start":{"line":25,"column":2},"end":{"line":49,"column":null}},"6":{"start":{"line":44,"column":10},"end":{"line":44,"column":33}}},"fnMap":{"0":{"name":"(anonymous_0)","decl":{"start":{"line":18,"column":24},"end":{"line":18,"column":34}},"loc":{"start":{"line":18,"column":24},"end":{"line":18,"column":34}}},"1":{"name":"(anonymous_6)","decl":{"start":{"line":43,"column":30},"end":{"line":43,"column":34}},"loc":{"start":{"line":44,"column":10},"end":{"line":44,"column":33}}}},"branchMap":{"0":{"loc":{"start":{"line":35,"column":9},"end":{"line":38,"column":39}},"type":"binary-expr","locations":[{"start":{"line":35,"column":9},"end":{"line":35,"column":36}},{"start":{"line":36,"column":10},"end":{"line":38,"column":39}}]},"1":{"loc":{"start":{"line":43,"column":10},"end":{"line":43,"column":24}},"type":"binary-expr","locations":[{"start":{"line":43,"column":10},"end":{"line":43,"column":18}},{"start":{"line":43,"column":22},"end":{"line":43,"column":24}}]}},"s":{"0":5,"1":1,"2":1,"3":1,"4":1,"5":5,"6":8},"f":{"0":10,"1":8},"b":{"0":[5,5],"1":[5,1]}}
,"/Volumes/Samsung_T5/SubProject/maumlab-assignment/renderer/src/components/unit/chat/chatRoomList/chatRoomItem/ChatRoomItem.tsx": {"path":"/Volumes/Samsung_T5/SubProject/maumlab-assignment/renderer/src/components/unit/chat/chatRoomList/chatRoomItem/ChatRoomItem.tsx","statementMap":{"0":{"start":{"line":11,"column":24},"end":{"line":11,"column":36}},"1":{"start":{"line":2,"column":24},"end":{"line":2,"column":null}},"2":{"start":{"line":3,"column":24},"end":{"line":3,"column":null}},"3":{"start":{"line":5,"column":27},"end":{"line":5,"column":null}},"4":{"start":{"line":6,"column":19},"end":{"line":6,"column":null}},"5":{"start":{"line":12,"column":16},"end":{"line":20,"column":null}},"6":{"start":{"line":14,"column":6},"end":{"line":19,"column":8}},"7":{"start":{"line":23,"column":2},"end":{"line":41,"column":null}}},"fnMap":{"0":{"name":"(anonymous_0)","decl":{"start":{"line":11,"column":24},"end":{"line":11,"column":36}},"loc":{"start":{"line":11,"column":24},"end":{"line":11,"column":36}}},"1":{"name":"(anonymous_6)","decl":{"start":{"line":13,"column":4},"end":{"line":13,"column":null}},"loc":{"start":{"line":14,"column":6},"end":{"line":19,"column":8}}}},"branchMap":{"0":{"loc":{"start":{"line":26,"column":9},"end":{"line":26,"column":58}},"type":"binary-expr","locations":[{"start":{"line":26,"column":9},"end":{"line":26,"column":25}},{"start":{"line":26,"column":29},"end":{"line":26,"column":58}}]},"1":{"loc":{"start":{"line":31,"column":11},"end":{"line":31,"column":51}},"type":"binary-expr","locations":[{"start":{"line":31,"column":11},"end":{"line":31,"column":21}},{"start":{"line":31,"column":25},"end":{"line":31,"column":51}}]},"2":{"loc":{"start":{"line":39,"column":9},"end":{"line":39,"column":75}},"type":"binary-expr","locations":[{"start":{"line":39,"column":9},"end":{"line":39,"column":69}},{"start":{"line":39,"column":73},"end":{"line":39,"column":75}}]}},"s":{"0":8,"1":1,"2":1,"3":1,"4":1,"5":8,"6":6,"7":8},"f":{"0":16,"1":6},"b":{"0":[8,4],"1":[8,4],"2":[8,0]}}
,"/Volumes/Samsung_T5/SubProject/maumlab-assignment/renderer/src/components/unit/chat/create/CreateOpenChat.container.tsx": {"path":"/Volumes/Samsung_T5/SubProject/maumlab-assignment/renderer/src/components/unit/chat/create/CreateOpenChat.container.tsx","statementMap":{"0":{"start":{"line":11,"column":24},"end":{"line":11,"column":47}},"1":{"start":{"line":1,"column":36},"end":{"line":1,"column":null}},"2":{"start":{"line":2,"column":38},"end":{"line":2,"column":null}},"3":{"start":{"line":3,"column":45},"end":{"line":3,"column":null}},"4":{"start":{"line":5,"column":14},"end":{"line":5,"column":null}},"5":{"start":{"line":6,"column":26},"end":{"line":6,"column":null}},"6":{"start":{"line":7,"column":36},"end":{"line":7,"column":null}},"7":{"start":{"line":8,"column":24},"end":{"line":8,"column":null}},"8":{"start":{"line":9,"column":29},"end":{"line":9,"column":null}},"9":{"start":{"line":12,"column":42},"end":{"line":12,"column":64}},"10":{"start":{"line":14,"column":33},"end":{"line":14,"column":42}},"11":{"start":{"line":16,"column":17},"end":{"line":16,"column":28}},"12":{"start":{"line":17,"column":19},"end":{"line":17,"column":32}},"13":{"start":{"line":18,"column":23},"end":{"line":18,"column":40}},"14":{"start":{"line":19,"column":20},"end":{"line":19,"column":41}},"15":{"start":{"line":20,"column":29},"end":{"line":20,"column":52}},"16":{"start":{"line":22,"column":28},"end":{"line":36,"column":3}},"17":{"start":{"line":23,"column":17},"end":{"line":23,"column":46}},"18":{"start":{"line":23,"column":40},"end":{"line":23,"column":45}},"19":{"start":{"line":24,"column":18},"end":{"line":24,"column":36}},"20":{"start":{"line":26,"column":4},"end":{"line":26,"column":32}},"21":{"start":{"line":26,"column":25},"end":{"line":26,"column":32}},"22":{"start":{"line":28,"column":4},"end":{"line":35,"column":5}},"23":{"start":{"line":29,"column":21},"end":{"line":29,"column":58}},"24":{"start":{"line":30,"column":6},"end":{"line":30,"column":62}},"25":{"start":{"line":32,"column":6},"end":{"line":34,"column":7}},"26":{"start":{"line":33,"column":8},"end":{"line":33,"column":38}},"27":{"start":{"line":38,"column":30},"end":{"line":45,"column":3}},"28":{"start":{"line":38,"column":50},"end":{"line":45,"column":3}},"29":{"start":{"line":39,"column":4},"end":{"line":43,"column":5}},"30":{"start":{"line":40,"column":23},"end":{"line":40,"column":76}},"31":{"start":{"line":40,"column":57},"end":{"line":40,"column":75}},"32":{"start":{"line":41,"column":6},"end":{"line":41,"column":32}},"33":{"start":{"line":42,"column":6},"end":{"line":42,"column":13}},"34":{"start":{"line":44,"column":4},"end":{"line":44,"column":53}},"35":{"start":{"line":44,"column":28},"end":{"line":44,"column":52}},"36":{"start":{"line":47,"column":2},"end":{"line":61,"column":9}},"37":{"start":{"line":49,"column":23},"end":{"line":57,"column":5}},"38":{"start":{"line":50,"column":6},"end":{"line":56,"column":7}},"39":{"start":{"line":51,"column":8},"end":{"line":51,"column":29}},"40":{"start":{"line":53,"column":8},"end":{"line":55,"column":9}},"41":{"start":{"line":54,"column":10},"end":{"line":54,"column":40}},"42":{"start":{"line":59,"column":4},"end":{"line":59,"column":17}},"43":{"start":{"line":63,"column":2},"end":{"line":70,"column":null}}},"fnMap":{"0":{"name":"(anonymous_0)","decl":{"start":{"line":11,"column":24},"end":{"line":11,"column":47}},"loc":{"start":{"line":11,"column":24},"end":{"line":11,"column":47}}},"1":{"name":"(anonymous_3)","decl":{"start":{"line":22,"column":28},"end":{"line":22,"column":40}},"loc":{"start":{"line":22,"column":40},"end":{"line":36,"column":3}}},"2":{"name":"(anonymous_4)","decl":{"start":{"line":23,"column":35},"end":{"line":23,"column":36}},"loc":{"start":{"line":23,"column":40},"end":{"line":23,"column":45}}},"3":{"name":"(anonymous_5)","decl":{"start":{"line":38,"column":30},"end":{"line":38,"column":31}},"loc":{"start":{"line":38,"column":50},"end":{"line":45,"column":3}}},"4":{"name":"(anonymous_6)","decl":{"start":{"line":38,"column":50},"end":{"line":38,"column":56}},"loc":{"start":{"line":38,"column":56},"end":{"line":45,"column":3}}},"5":{"name":"(anonymous_7)","decl":{"start":{"line":40,"column":52},"end":{"line":40,"column":53}},"loc":{"start":{"line":40,"column":57},"end":{"line":40,"column":75}}},"6":{"name":"(anonymous_8)","decl":{"start":{"line":44,"column":20},"end":{"line":44,"column":24}},"loc":{"start":{"line":44,"column":28},"end":{"line":44,"column":52}}},"7":{"name":"(anonymous_9)","decl":{"start":{"line":47,"column":12},"end":{"line":47,"column":18}},"loc":{"start":{"line":47,"column":18},"end":{"line":61,"column":3}}},"8":{"name":"(anonymous_10)","decl":{"start":{"line":49,"column":23},"end":{"line":49,"column":35}},"loc":{"start":{"line":49,"column":35},"end":{"line":57,"column":5}}}},"branchMap":{"0":{"loc":{"start":{"line":26,"column":4},"end":{"line":26,"column":32}},"type":"if","locations":[{"start":{"line":26,"column":4},"end":{"line":26,"column":32}}]},"1":{"loc":{"start":{"line":26,"column":8},"end":{"line":26,"column":23}},"type":"binary-expr","locations":[{"start":{"line":26,"column":8},"end":{"line":26,"column":13}},{"start":{"line":26,"column":17},"end":{"line":26,"column":23}}]},"2":{"loc":{"start":{"line":32,"column":6},"end":{"line":34,"column":7}},"type":"if","locations":[{"start":{"line":32,"column":6},"end":{"line":34,"column":7}}]},"3":{"loc":{"start":{"line":39,"column":4},"end":{"line":43,"column":5}},"type":"if","locations":[{"start":{"line":39,"column":4},"end":{"line":43,"column":5}}]},"4":{"loc":{"start":{"line":40,"column":32},"end":{"line":40,"column":50}},"type":"binary-expr","locations":[{"start":{"line":40,"column":32},"end":{"line":40,"column":44}},{"start":{"line":40,"column":48},"end":{"line":40,"column":50}}]},"5":{"loc":{"start":{"line":44,"column":33},"end":{"line":44,"column":43}},"type":"binary-expr","locations":[{"start":{"line":44,"column":33},"end":{"line":44,"column":37}},{"start":{"line":44,"column":41},"end":{"line":44,"column":43}}]},"6":{"loc":{"start":{"line":53,"column":8},"end":{"line":55,"column":9}},"type":"if","locations":[{"start":{"line":53,"column":8},"end":{"line":55,"column":9}}]},"7":{"loc":{"start":{"line":66,"column":16},"end":{"line":66,"column":30}},"type":"binary-expr","locations":[{"start":{"line":66,"column":16},"end":{"line":66,"column":24}},{"start":{"line":66,"column":28},"end":{"line":66,"column":30}}]},"8":{"loc":{"start":{"line":67,"column":24},"end":{"line":67,"column":42}},"type":"binary-expr","locations":[{"start":{"line":67,"column":24},"end":{"line":67,"column":36}},{"start":{"line":67,"column":40},"end":{"line":67,"column":42}}]}},"s":{"0":7,"1":1,"2":1,"3":1,"4":1,"5":1,"6":1,"7":1,"8":1,"9":20,"10":20,"11":20,"12":20,"13":20,"14":20,"15":20,"16":20,"17":3,"18":2,"19":3,"20":3,"21":1,"22":2,"23":2,"24":1,"25":1,"26":1,"27":20,"28":24,"29":5,"30":1,"31":1,"32":1,"33":1,"34":4,"35":4,"36":20,"37":7,"38":7,"39":7,"40":1,"41":1,"42":7,"43":20},"f":{"0":27,"1":3,"2":2,"3":24,"4":5,"5":1,"6":4,"7":7,"8":7},"b":{"0":[1],"1":[3,2],"2":[1],"3":[1],"4":[1,0],"5":[4,4],"6":[1],"7":[20,8],"8":[20,13]}}
,"/Volumes/Samsung_T5/SubProject/maumlab-assignment/renderer/src/components/unit/chat/create/CreateOpenChat.presenter.tsx": {"path":"/Volumes/Samsung_T5/SubProject/maumlab-assignment/renderer/src/components/unit/chat/create/CreateOpenChat.presenter.tsx","statementMap":{"0":{"start":{"line":22,"column":24},"end":{"line":22,"column":40}},"1":{"start":{"line":1,"column":34},"end":{"line":1,"column":null}},"2":{"start":{"line":3,"column":25},"end":{"line":3,"column":null}},"3":{"start":{"line":4,"column":14},"end":{"line":4,"column":null}},"4":{"start":{"line":5,"column":24},"end":{"line":5,"column":null}},"5":{"start":{"line":6,"column":24},"end":{"line":6,"column":null}},"6":{"start":{"line":8,"column":24},"end":{"line":8,"column":null}},"7":{"start":{"line":9,"column":21},"end":{"line":9,"column":null}},"8":{"start":{"line":11,"column":26},"end":{"line":11,"column":null}},"9":{"start":{"line":12,"column":19},"end":{"line":12,"column":null}},"10":{"start":{"line":29,"column":16},"end":{"line":37,"column":null}},"11":{"start":{"line":31,"column":6},"end":{"line":36,"column":8}},"12":{"start":{"line":40,"column":2},"end":{"line":85,"column":null}},"13":{"start":{"line":66,"column":10},"end":{"line":66,"column":null}},"14":{"start":{"line":78,"column":10},"end":{"line":78,"column":33}}},"fnMap":{"0":{"name":"(anonymous_0)","decl":{"start":{"line":22,"column":24},"end":{"line":22,"column":40}},"loc":{"start":{"line":22,"column":24},"end":{"line":22,"column":40}}},"1":{"name":"(anonymous_6)","decl":{"start":{"line":30,"column":4},"end":{"line":30,"column":null}},"loc":{"start":{"line":31,"column":6},"end":{"line":36,"column":8}}},"2":{"name":"(anonymous_7)","decl":{"start":{"line":65,"column":31},"end":{"line":65,"column":35}},"loc":{"start":{"line":66,"column":10},"end":{"line":66,"column":null}}},"3":{"name":"(anonymous_8)","decl":{"start":{"line":77,"column":23},"end":{"line":77,"column":27}},"loc":{"start":{"line":78,"column":10},"end":{"line":78,"column":33}}}},"branchMap":{},"s":{"0":20,"1":1,"2":1,"3":1,"4":1,"5":1,"6":1,"7":1,"8":1,"9":1,"10":20,"11":7,"12":20,"13":6,"14":24},"f":{"0":40,"1":7,"2":6,"3":24},"b":{}}
,"/Volumes/Samsung_T5/SubProject/maumlab-assignment/renderer/src/components/unit/setting/Setting.container.tsx": {"path":"/Volumes/Samsung_T5/SubProject/maumlab-assignment/renderer/src/components/unit/setting/Setting.container.tsx","statementMap":{"0":{"start":{"line":6,"column":24},"end":{"line":6,"column":40}},"1":{"start":{"line":1,"column":27},"end":{"line":1,"column":null}},"2":{"start":{"line":2,"column":26},"end":{"line":2,"column":null}},"3":{"start":{"line":3,"column":23},"end":{"line":3,"column":null}},"4":{"start":{"line":4,"column":26},"end":{"line":4,"column":null}},"5":{"start":{"line":7,"column":17},"end":{"line":7,"column":28}},"6":{"start":{"line":8,"column":17},"end":{"line":8,"column":28}},"7":{"start":{"line":10,"column":28},"end":{"line":13,"column":3}},"8":{"start":{"line":11,"column":4},"end":{"line":11,"column":13}},"9":{"start":{"line":12,"column":4},"end":{"line":12,"column":31}},"10":{"start":{"line":14,"column":2},"end":{"line":26,"column":null}}},"fnMap":{"0":{"name":"(anonymous_0)","decl":{"start":{"line":6,"column":24},"end":{"line":6,"column":40}},"loc":{"start":{"line":6,"column":24},"end":{"line":6,"column":40}}},"1":{"name":"(anonymous_2)","decl":{"start":{"line":10,"column":28},"end":{"line":10,"column":34}},"loc":{"start":{"line":10,"column":34},"end":{"line":13,"column":3}}}},"branchMap":{},"s":{"0":0,"1":0,"2":0,"3":0,"4":0,"5":0,"6":0,"7":0,"8":0,"9":0,"10":0},"f":{"0":0,"1":0},"b":{}}
,"/Volumes/Samsung_T5/SubProject/maumlab-assignment/renderer/src/components/unit/users/UserList.container.tsx": {"path":"/Volumes/Samsung_T5/SubProject/maumlab-assignment/renderer/src/components/unit/users/UserList.container.tsx","statementMap":{"0":{"start":{"line":8,"column":24},"end":{"line":8,"column":41}},"1":{"start":{"line":1,"column":36},"end":{"line":1,"column":null}},"2":{"start":{"line":2,"column":42},"end":{"line":2,"column":null}},"3":{"start":{"line":3,"column":45},"end":{"line":3,"column":null}},"4":{"start":{"line":4,"column":26},"end":{"line":4,"column":null}},"5":{"start":{"line":5,"column":26},"end":{"line":5,"column":null}},"6":{"start":{"line":6,"column":23},"end":{"line":6,"column":null}},"7":{"start":{"line":9,"column":17},"end":{"line":9,"column":28}},"8":{"start":{"line":10,"column":19},"end":{"line":10,"column":32}},"9":{"start":{"line":11,"column":20},"end":{"line":11,"column":41}},"10":{"start":{"line":12,"column":23},"end":{"line":12,"column":40}},"11":{"start":{"line":13,"column":33},"end":{"line":13,"column":60}},"12":{"start":{"line":16,"column":4},"end":{"line":26,"column":5}},"13":{"start":{"line":16,"column":39},"end":{"line":26,"column":5}},"14":{"start":{"line":17,"column":6},"end":{"line":25,"column":7}},"15":{"start":{"line":18,"column":23},"end":{"line":18,"column":56}},"16":{"start":{"line":20,"column":8},"end":{"line":20,"column":71}},"17":{"start":{"line":22,"column":8},"end":{"line":24,"column":9}},"18":{"start":{"line":23,"column":10},"end":{"line":23,"column":40}},"19":{"start":{"line":28,"column":2},"end":{"line":40,"column":9}},"20":{"start":{"line":30,"column":5},"end":{"line":38,"column":9}},"21":{"start":{"line":31,"column":6},"end":{"line":37,"column":7}},"22":{"start":{"line":32,"column":8},"end":{"line":32,"column":29}},"23":{"start":{"line":34,"column":8},"end":{"line":36,"column":9}},"24":{"start":{"line":35,"column":10},"end":{"line":35,"column":40}},"25":{"start":{"line":42,"column":2},"end":{"line":46,"column":null}}},"fnMap":{"0":{"name":"(anonymous_0)","decl":{"start":{"line":8,"column":24},"end":{"line":8,"column":41}},"loc":{"start":{"line":8,"column":24},"end":{"line":8,"column":41}}},"1":{"name":"(anonymous_3)","decl":{"start":{"line":16,"column":4},"end":{"line":16,"column":5}},"loc":{"start":{"line":16,"column":39},"end":{"line":26,"column":5}}},"2":{"name":"(anonymous_4)","decl":{"start":{"line":16,"column":39},"end":{"line":16,"column":51}},"loc":{"start":{"line":16,"column":51},"end":{"line":26,"column":5}}},"3":{"name":"(anonymous_5)","decl":{"start":{"line":28,"column":12},"end":{"line":28,"column":18}},"loc":{"start":{"line":28,"column":18},"end":{"line":40,"column":3}}},"4":{"name":"(anonymous_6)","decl":{"start":{"line":30,"column":5},"end":{"line":30,"column":23}},"loc":{"start":{"line":30,"column":23},"end":{"line":38,"column":5}}}},"branchMap":{"0":{"loc":{"start":{"line":22,"column":8},"end":{"line":24,"column":9}},"type":"if","locations":[{"start":{"line":22,"column":8},"end":{"line":24,"column":9}}]},"1":{"loc":{"start":{"line":34,"column":8},"end":{"line":36,"column":9}},"type":"if","locations":[{"start":{"line":34,"column":8},"end":{"line":36,"column":9}}]}},"s":{"0":4,"1":1,"2":1,"3":1,"4":1,"5":1,"6":1,"7":9,"8":9,"9":9,"10":9,"11":9,"12":9,"13":8,"14":2,"15":2,"16":1,"17":1,"18":1,"19":9,"20":4,"21":4,"22":4,"23":1,"24":1,"25":9},"f":{"0":13,"1":8,"2":2,"3":4,"4":4},"b":{"0":[1],"1":[1]}}
,"/Volumes/Samsung_T5/SubProject/maumlab-assignment/renderer/src/components/unit/users/UserList.presenter.tsx": {"path":"/Volumes/Samsung_T5/SubProject/maumlab-assignment/renderer/src/components/unit/users/UserList.presenter.tsx","statementMap":{"0":{"start":{"line":15,"column":24},"end":{"line":15,"column":34}},"1":{"start":{"line":1,"column":29},"end":{"line":1,"column":null}},"2":{"start":{"line":3,"column":21},"end":{"line":3,"column":null}},"3":{"start":{"line":8,"column":7},"end":{"line":8,"column":null}},"4":{"start":{"line":9,"column":19},"end":{"line":9,"column":null}},"5":{"start":{"line":19,"column":2},"end":{"line":37,"column":null}},"6":{"start":{"line":28,"column":8},"end":{"line":28,"column":33}}},"fnMap":{"0":{"name":"(anonymous_0)","decl":{"start":{"line":15,"column":24},"end":{"line":15,"column":34}},"loc":{"start":{"line":15,"column":24},"end":{"line":15,"column":34}}},"1":{"name":"(anonymous_6)","decl":{"start":{"line":27,"column":28},"end":{"line":27,"column":32}},"loc":{"start":{"line":28,"column":8},"end":{"line":28,"column":33}}}},"branchMap":{"0":{"loc":{"start":{"line":27,"column":8},"end":{"line":27,"column":22}},"type":"binary-expr","locations":[{"start":{"line":27,"column":8},"end":{"line":27,"column":16}},{"start":{"line":27,"column":20},"end":{"line":27,"column":22}}]}},"s":{"0":9,"1":1,"2":1,"3":1,"4":1,"5":9,"6":8},"f":{"0":18,"1":8},"b":{"0":[9,5]}}
}
