TN:
SF:renderer/src/commons/contexts/AlertMessageContext.tsx
FN:28,(anonymous_1)
FN:28,(anonymous_2)
FN:28,(anonymous_3)
FN:4,(anonymous_5)
FN:11,(anonymous_6)
FN:31,(anonymous_7)
FN:32,(anonymous_8)
FNF:7
FNH:7
FNDA:21,(anonymous_1)
FNDA:31,(anonymous_2)
FNDA:73,(anonymous_3)
FNDA:26,(anonymous_5)
FNDA:7,(anonymous_6)
FNDA:26,(anonymous_7)
FNDA:26,(anonymous_8)
DA:1,3
DA:2,3
DA:4,3
DA:5,26
DA:11,26
DA:15,7
DA:22,26
DA:28,73
DA:29,3
DA:31,26
DA:32,26
LF:11
LH:11
BRF:0
BRH:0
end_of_record
TN:
SF:renderer/src/commons/contexts/AuthContext.tsx
FN:39,(anonymous_1)
FN:40,(anonymous_2)
FN:41,(anonymous_3)
FN:42,(anonymous_4)
FN:43,(anonymous_5)
FN:44,(anonymous_6)
FN:15,(anonymous_8)
FN:18,(anonymous_9)
FN:20,(anonymous_10)
FN:22,(anonymous_11)
FN:25,(anonymous_12)
FN:27,(anonymous_13)
FN:47,(anonymous_14)
FN:48,(anonymous_15)
FN:49,(anonymous_16)
FN:50,(anonymous_17)
FN:51,(anonymous_18)
FNF:17
FNH:13
FNDA:21,(anonymous_1)
FNDA:25,(anonymous_2)
FNDA:0,(anonymous_3)
FNDA:34,(anonymous_4)
FNDA:0,(anonymous_5)
FNDA:14,(anonymous_6)
FNDA:21,(anonymous_8)
FNDA:3,(anonymous_9)
FNDA:0,(anonymous_10)
FNDA:3,(anonymous_11)
FNDA:0,(anonymous_12)
FNDA:4,(anonymous_13)
FNDA:21,(anonymous_14)
FNDA:21,(anonymous_15)
FNDA:21,(anonymous_16)
FNDA:21,(anonymous_17)
FNDA:21,(anonymous_18)
DA:1,3
DA:15,3
DA:18,21
DA:20,21
DA:22,21
DA:23,3
DA:25,21
DA:27,21
DA:29,21
DA:39,21
DA:40,25
DA:41,0
DA:42,34
DA:43,0
DA:44,14
DA:45,3
DA:47,21
DA:48,21
DA:49,21
DA:50,21
DA:51,21
LF:21
LH:19
BRF:0
BRH:0
end_of_record
TN:
SF:renderer/src/commons/contexts/MessageContext.tsx
FN:49,(anonymous_1)
FN:50,(anonymous_2)
FN:51,(anonymous_3)
FN:52,(anonymous_4)
FN:53,(anonymous_5)
FN:16,(anonymous_7)
FN:20,(anonymous_8)
FN:23,(anonymous_9)
FN:27,(anonymous_10)
FN:35,(anonymous_11)
FN:56,(anonymous_12)
FN:57,(anonymous_13)
FN:58,(anonymous_14)
FN:59,(anonymous_15)
FNF:14
FNH:12
FNDA:6,(anonymous_1)
FNDA:14,(anonymous_2)
FNDA:14,(anonymous_3)
FNDA:14,(anonymous_4)
FNDA:0,(anonymous_5)
FNDA:10,(anonymous_7)
FNDA:2,(anonymous_8)
FNDA:6,(anonymous_9)
FNDA:4,(anonymous_10)
FNDA:0,(anonymous_11)
FNDA:10,(anonymous_12)
FNDA:10,(anonymous_13)
FNDA:10,(anonymous_14)
FNDA:10,(anonymous_15)
DA:6,1
DA:7,1
DA:16,1
DA:17,10
DA:18,10
DA:20,10
DA:21,2
DA:23,10
DA:24,6
DA:28,4
DA:32,4
DA:35,10
DA:36,0
DA:37,0
DA:40,10
DA:49,6
DA:50,14
DA:51,14
DA:52,14
DA:53,0
DA:54,1
DA:56,10
DA:57,10
DA:58,10
DA:59,10
LF:25
LH:22
BRF:0
BRH:0
end_of_record
TN:
SF:renderer/src/commons/contexts/RoomContext.tsx
FN:46,(anonymous_1)
FN:47,(anonymous_2)
FN:48,(anonymous_3)
FN:49,(anonymous_4)
FN:50,(anonymous_5)
FN:51,(anonymous_6)
FN:52,(anonymous_7)
FN:53,(anonymous_8)
FN:8,(anonymous_10)
FN:14,(anonymous_11)
FN:17,(anonymous_12)
FN:20,(anonymous_13)
FN:25,(anonymous_14)
FN:30,(anonymous_15)
FN:56,(anonymous_16)
FN:57,(anonymous_17)
FN:58,(anonymous_18)
FN:59,(anonymous_19)
FN:60,(anonymous_20)
FN:61,(anonymous_21)
FN:62,(anonymous_22)
FNF:21
FNH:9
FNDA:4,(anonymous_1)
FNDA:0,(anonymous_2)
FNDA:0,(anonymous_3)
FNDA:0,(anonymous_4)
FNDA:0,(anonymous_5)
FNDA:0,(anonymous_6)
FNDA:0,(anonymous_7)
FNDA:0,(anonymous_8)
FNDA:4,(anonymous_10)
FNDA:0,(anonymous_11)
FNDA:0,(anonymous_12)
FNDA:0,(anonymous_13)
FNDA:0,(anonymous_14)
FNDA:0,(anonymous_15)
FNDA:4,(anonymous_16)
FNDA:4,(anonymous_17)
FNDA:4,(anonymous_18)
FNDA:4,(anonymous_19)
FNDA:4,(anonymous_20)
FNDA:4,(anonymous_21)
FNDA:4,(anonymous_22)
DA:2,1
DA:3,1
DA:8,1
DA:11,4
DA:12,4
DA:14,4
DA:15,0
DA:17,4
DA:18,0
DA:20,4
DA:21,0
DA:22,0
DA:25,4
DA:26,0
DA:27,0
DA:30,4
DA:31,0
DA:34,4
DA:46,4
DA:47,0
DA:48,0
DA:49,0
DA:50,0
DA:51,0
DA:52,0
DA:53,0
DA:54,1
DA:56,4
DA:57,4
DA:58,4
DA:59,4
DA:60,4
DA:61,4
DA:62,4
LF:34
LH:20
BRF:0
BRH:0
end_of_record
TN:
SF:renderer/src/commons/contexts/UserContext.tsx
FN:25,(anonymous_1)
FN:25,(anonymous_2)
FN:25,(anonymous_3)
FN:9,(anonymous_5)
FN:14,(anonymous_6)
FN:27,(anonymous_7)
FN:28,(anonymous_8)
FNF:7
FNH:0
FNDA:0,(anonymous_1)
FNDA:0,(anonymous_2)
FNDA:0,(anonymous_3)
FNDA:0,(anonymous_5)
FNDA:0,(anonymous_6)
FNDA:0,(anonymous_7)
FNDA:0,(anonymous_8)
DA:3,0
DA:4,0
DA:9,0
DA:12,0
DA:14,0
DA:15,0
DA:16,0
DA:19,0
DA:25,0
DA:27,0
DA:28,0
LF:11
LH:0
BRF:0
BRH:0
end_of_record
TN:
SF:renderer/src/commons/repositories/AuthRepository.ts
FN:13,(anonymous_0)
FN:18,(anonymous_6)
FN:22,(anonymous_7)
FN:26,(anonymous_8)
FN:31,(anonymous_9)
FN:35,(anonymous_10)
FN:51,(anonymous_11)
FNF:7
FNH:0
FNDA:0,(anonymous_0)
FNDA:0,(anonymous_6)
FNDA:0,(anonymous_7)
FNDA:0,(anonymous_8)
FNDA:0,(anonymous_9)
FNDA:0,(anonymous_10)
FNDA:0,(anonymous_11)
DA:1,0
DA:8,0
DA:10,0
DA:13,0
DA:16,0
DA:19,0
DA:23,0
DA:27,0
DA:28,0
DA:32,0
DA:36,0
DA:38,0
DA:40,0
DA:41,0
DA:42,0
DA:43,0
DA:46,0
DA:48,0
DA:52,0
DA:54,0
DA:55,0
DA:56,0
DA:58,0
DA:61,0
LF:24
LH:0
BRDA:38,0,0,0
BRDA:38,1,0,0
BRDA:38,1,1,0
BRDA:40,2,0,0
BRDA:40,3,0,0
BRDA:40,3,1,0
BRDA:54,4,0,0
BRDA:54,5,0,0
BRDA:54,5,1,0
BRDA:18,6,0,0
BRDA:18,6,1,0
BRF:11
BRH:0
end_of_record
TN:
SF:renderer/src/commons/repositories/MessageRepository.ts
FN:12,(anonymous_0)
FN:19,(anonymous_9)
FN:28,(anonymous_10)
FN:32,(anonymous_11)
FN:34,(anonymous_12)
FN:48,(anonymous_13)
FN:52,(anonymous_14)
FNF:7
FNH:0
FNDA:0,(anonymous_0)
FNDA:0,(anonymous_9)
FNDA:0,(anonymous_10)
FNDA:0,(anonymous_11)
FNDA:0,(anonymous_12)
FNDA:0,(anonymous_13)
FNDA:0,(anonymous_14)
DA:1,0
DA:3,0
DA:4,0
DA:5,0
DA:6,0
DA:8,0
DA:9,0
DA:12,0
DA:13,0
DA:24,0
DA:25,0
DA:29,0
DA:33,0
DA:35,0
DA:41,0
DA:45,0
DA:49,0
DA:53,0
DA:55,0
DA:57,0
DA:65,0
LF:21
LH:0
BRDA:31,0,0,0
BRDA:31,0,1,0
BRDA:55,1,0,0
BRDA:68,2,0,0
BRDA:68,2,1,0
BRDA:20,3,0,0
BRDA:20,3,1,0
BRDA:22,4,0,0
BRDA:22,4,1,0
BRDA:22,5,0,0
BRDA:22,5,1,0
BRF:11
BRH:0
end_of_record
TN:
SF:renderer/src/commons/repositories/RoomRepository.ts
FN:8,(anonymous_0)
FN:13,(anonymous_9)
FN:22,(anonymous_10)
FN:30,(anonymous_11)
FN:34,(anonymous_12)
FN:42,(anonymous_13)
FN:50,(anonymous_14)
FNF:7
FNH:0
FNDA:0,(anonymous_0)
FNDA:0,(anonymous_9)
FNDA:0,(anonymous_10)
FNDA:0,(anonymous_11)
FNDA:0,(anonymous_12)
FNDA:0,(anonymous_13)
FNDA:0,(anonymous_14)
DA:1,0
DA:2,0
DA:3,0
DA:5,0
DA:8,0
DA:18,0
DA:19,0
DA:23,0
DA:25,0
DA:27,0
DA:31,0
DA:35,0
DA:37,0
DA:39,0
DA:43,0
DA:45,0
DA:47,0
DA:51,0
DA:53,0
DA:55,0
LF:20
LH:0
BRDA:25,0,0,0
BRDA:37,1,0,0
BRDA:45,2,0,0
BRDA:53,3,0,0
BRDA:14,4,0,0
BRDA:14,4,1,0
BRDA:16,5,0,0
BRDA:16,5,1,0
BRDA:16,6,0,0
BRDA:16,6,1,0
BRF:10
BRH:0
end_of_record
TN:
SF:renderer/src/commons/repositories/UserRepository.ts
FN:8,(anonymous_0)
FN:13,(anonymous_9)
FN:22,(anonymous_10)
FN:30,(anonymous_11)
FNF:4
FNH:0
FNDA:0,(anonymous_0)
FNDA:0,(anonymous_9)
FNDA:0,(anonymous_10)
FNDA:0,(anonymous_11)
DA:1,0
DA:2,0
DA:3,0
DA:5,0
DA:8,0
DA:18,0
DA:19,0
DA:23,0
DA:25,0
DA:27,0
DA:29,0
DA:30,0
DA:32,0
LF:13
LH:0
BRDA:25,0,0,0
BRDA:14,1,0,0
BRDA:14,1,1,0
BRDA:16,2,0,0
BRDA:16,2,1,0
BRDA:16,3,0,0
BRDA:16,3,1,0
BRF:7
BRH:0
end_of_record
TN:
SF:renderer/src/commons/type/container.ts
FN:49,(anonymous_0)
FNF:1
FNH:0
FNDA:0,(anonymous_0)
DA:1,0
DA:2,0
DA:3,0
DA:4,0
DA:5,0
DA:6,0
DA:7,0
DA:8,0
DA:9,0
DA:14,0
DA:15,0
DA:17,0
DA:19,0
DA:23,0
DA:26,0
DA:29,0
DA:33,0
DA:37,0
DA:41,0
DA:45,0
DA:49,0
LF:21
LH:0
BRF:0
BRH:0
end_of_record
TN:
SF:renderer/src/components/common/alert/AlertMessage.tsx
FN:6,(anonymous_0)
FN:11,(anonymous_2)
FNF:2
FNH:2
FNDA:52,(anonymous_0)
FNDA:26,(anonymous_2)
DA:2,3
DA:3,3
DA:4,3
DA:6,21
DA:7,31
DA:9,31
DA:11,31
DA:12,26
DA:13,5
DA:20,31
LF:10
LH:10
BRDA:12,0,0,5
BRF:1
BRH:1
end_of_record
TN:
SF:renderer/src/components/common/inputs/NormalInput/NormalInput.tsx
FN:11,(anonymous_0)
FN:21,(anonymous_3)
FN:22,(anonymous_4)
FNF:3
FNH:3
FNDA:400,(anonymous_0)
FNDA:523,(anonymous_3)
FNDA:323,(anonymous_4)
DA:3,3
DA:4,3
DA:11,200
DA:16,200
DA:22,523
LF:5
LH:5
BRF:0
BRH:0
end_of_record
TN:
SF:renderer/src/components/common/items/userItem/UserItem.tsx
FN:13,(anonymous_0)
FN:15,(anonymous_6)
FNF:2
FNH:0
FNDA:0,(anonymous_0)
FNDA:0,(anonymous_6)
DA:3,0
DA:4,0
DA:5,0
DA:6,0
DA:13,0
DA:14,0
DA:16,0
DA:24,0
LF:8
LH:0
BRF:0
BRH:0
end_of_record
TN:
SF:renderer/src/components/common/layout/Layout.tsx
FN:19,(anonymous_0)
FN:22,(anonymous_6)
FNF:2
FNH:0
FNDA:0,(anonymous_0)
FNDA:0,(anonymous_6)
DA:1,0
DA:2,0
DA:4,0
DA:5,0
DA:6,0
DA:7,0
DA:9,0
DA:17,0
DA:19,0
DA:20,0
DA:22,0
DA:23,0
DA:24,0
DA:25,0
DA:28,0
DA:31,0
LF:16
LH:0
BRDA:23,0,0,0
BRDA:33,1,0,0
BRDA:33,1,1,0
BRDA:40,2,0,0
BRDA:40,2,1,0
BRF:5
BRH:0
end_of_record
TN:
SF:renderer/src/components/common/layout/Menu.tsx
FN:42,(anonymous_0)
FN:19,getItem
FN:45,(anonymous_3)
FNF:3
FNH:0
FNDA:0,(anonymous_0)
FNDA:0,getItem
FNDA:0,(anonymous_3)
DA:2,0
DA:8,0
DA:9,0
DA:15,0
DA:26,0
DA:35,0
DA:42,0
DA:43,0
DA:45,0
DA:46,0
DA:49,0
LF:11
LH:0
BRF:0
BRH:0
end_of_record
TN:
SF:renderer/src/components/unit/auth/login/Login.container.tsx
FN:23,(anonymous_0)
FN:33,(anonymous_6)
FNF:2
FNH:2
FNDA:32,(anonymous_0)
FNDA:3,(anonymous_6)
DA:1,1
DA:2,1
DA:3,1
DA:5,1
DA:6,1
DA:7,1
DA:8,1
DA:9,1
DA:10,1
DA:11,1
DA:15,1
DA:16,1
DA:20,1
DA:21,1
DA:23,7
DA:24,25
DA:29,25
DA:30,25
DA:31,25
DA:33,25
DA:34,3
DA:35,3
DA:36,2
DA:38,1
DA:39,1
DA:44,25
LF:26
LH:26
BRDA:38,0,0,1
BRDA:56,1,0,25
BRDA:56,1,1,19
BRDA:68,2,0,25
BRDA:68,2,1,20
BRF:5
BRH:5
end_of_record
TN:
SF:renderer/src/components/unit/auth/register/RegisterUser.container.tsx
FN:23,(anonymous_0)
FN:33,(anonymous_6)
FNF:2
FNH:2
FNDA:42,(anonymous_0)
FNDA:3,(anonymous_6)
DA:1,1
DA:2,1
DA:4,1
DA:5,1
DA:6,1
DA:7,1
DA:8,1
DA:9,1
DA:13,1
DA:14,1
DA:20,1
DA:21,1
DA:23,8
DA:24,34
DA:29,34
DA:30,34
DA:31,34
DA:33,34
DA:34,3
DA:40,3
DA:41,3
DA:42,2
DA:43,2
DA:45,1
DA:46,1
DA:51,34
LF:26
LH:26
BRDA:45,0,0,1
BRDA:61,1,0,34
BRDA:61,1,1,26
BRDA:71,2,0,34
BRDA:71,2,1,31
BRDA:83,3,0,34
BRDA:83,3,1,28
BRDA:95,4,0,34
BRDA:95,4,1,29
BRF:9
BRH:9
end_of_record
TN:
SF:renderer/src/components/unit/chat/chatRoom/ChatRoom.container.tsx
FN:14,(anonymous_0)
FN:26,(anonymous_3)
FN:32,(anonymous_4)
FN:48,(anonymous_5)
FNF:4
FNH:4
FNDA:21,(anonymous_0)
FNDA:6,(anonymous_3)
FNDA:4,(anonymous_4)
FNDA:2,(anonymous_5)
DA:1,1
DA:2,1
DA:7,1
DA:9,1
DA:10,1
DA:11,1
DA:12,1
DA:14,6
DA:15,15
DA:17,14
DA:18,14
DA:20,14
DA:21,14
DA:22,14
DA:23,14
DA:24,14
DA:26,14
DA:27,6
DA:28,6
DA:30,6
DA:32,6
DA:33,4
DA:34,4
DA:37,6
DA:38,6
DA:39,4
DA:41,2
DA:42,2
DA:43,2
DA:48,14
DA:49,2
DA:50,2
DA:51,2
DA:53,2
DA:55,2
DA:56,2
DA:58,1
DA:59,1
DA:63,2
DA:66,14
LF:40
LH:40
BRDA:27,0,0,6
BRDA:27,0,1,0
BRDA:28,1,0,6
BRDA:28,1,1,0
BRDA:30,2,0,0
BRDA:30,3,0,6
BRDA:30,3,1,6
BRDA:41,4,0,2
BRDA:49,5,0,2
BRDA:49,5,1,0
BRDA:50,6,0,2
BRDA:50,6,1,0
BRDA:53,7,0,0
BRDA:53,8,0,2
BRDA:53,8,1,2
BRDA:58,9,0,1
BRF:16
BRH:10
end_of_record
TN:
SF:renderer/src/components/unit/chat/chatRoom/ChatRoom.presenter.tsx
FN:18,(anonymous_0)
FN:27,(anonymous_6)
FN:35,(anonymous_7)
FNF:3
FNH:3
FNDA:28,(anonymous_0)
FNDA:14,(anonymous_6)
FNDA:4,(anonymous_7)
DA:1,1
DA:4,1
DA:5,1
DA:7,1
DA:8,1
DA:9,1
DA:18,14
DA:25,14
DA:27,14
DA:28,14
DA:31,14
DA:36,4
LF:12
LH:12
BRDA:35,0,0,14
BRDA:35,0,1,9
BRDA:39,1,0,4
BRDA:39,1,1,3
BRF:4
BRH:4
end_of_record
TN:
SF:renderer/src/components/unit/chat/chatRoom/messageItem/MessageItem.tsx
FN:12,(anonymous_0)
FN:14,(anonymous_6)
FNF:2
FNH:2
FNDA:8,(anonymous_0)
FNDA:3,(anonymous_6)
DA:2,1
DA:3,1
DA:4,1
DA:5,1
DA:12,4
DA:13,4
DA:15,3
DA:24,4
LF:8
LH:8
BRDA:26,0,0,4
BRDA:26,0,1,0
BRDA:32,1,0,4
BRDA:32,1,1,0
BRDA:34,2,0,4
BRDA:34,2,1,0
BRDA:35,3,0,4
BRDA:35,3,1,0
BRF:8
BRH:4
end_of_record
TN:
SF:renderer/src/components/unit/chat/chatRoomList/ChatList.container.tsx
FN:13,(anonymous_0)
FN:21,(anonymous_3)
FNF:2
FNH:2
FNDA:9,(anonymous_0)
FNDA:1,(anonymous_3)
DA:1,1
DA:3,1
DA:4,1
DA:13,4
DA:19,5
DA:21,5
DA:22,1
DA:25,5
LF:8
LH:8
BRF:0
BRH:0
end_of_record
TN:
SF:renderer/src/components/unit/chat/chatRoomList/ChatList.presenter.tsx
FN:18,(anonymous_0)
FN:43,(anonymous_6)
FNF:2
FNH:2
FNDA:10,(anonymous_0)
FNDA:8,(anonymous_6)
DA:1,1
DA:3,1
DA:7,1
DA:8,1
DA:18,5
DA:25,5
DA:44,8
LF:7
LH:7
BRDA:35,0,0,5
BRDA:35,0,1,5
BRDA:43,1,0,5
BRDA:43,1,1,1
BRF:4
BRH:4
end_of_record
TN:
SF:renderer/src/components/unit/chat/chatRoomList/chatRoomItem/ChatRoomItem.tsx
FN:11,(anonymous_0)
FN:13,(anonymous_6)
FNF:2
FNH:2
FNDA:16,(anonymous_0)
FNDA:6,(anonymous_6)
DA:2,1
DA:3,1
DA:5,1
DA:6,1
DA:11,8
DA:12,8
DA:14,6
DA:23,8
LF:8
LH:8
BRDA:26,0,0,8
BRDA:26,0,1,4
BRDA:31,1,0,8
BRDA:31,1,1,4
BRDA:39,2,0,8
BRDA:39,2,1,0
BRF:6
BRH:5
end_of_record
TN:
SF:renderer/src/components/unit/chat/create/CreateOpenChat.container.tsx
FN:11,(anonymous_0)
FN:22,(anonymous_3)
FN:23,(anonymous_4)
FN:38,(anonymous_5)
FN:38,(anonymous_6)
FN:40,(anonymous_7)
FN:44,(anonymous_8)
FN:47,(anonymous_9)
FNF:8
FNH:0
FNDA:0,(anonymous_0)
FNDA:0,(anonymous_3)
FNDA:0,(anonymous_4)
FNDA:0,(anonymous_5)
FNDA:0,(anonymous_6)
FNDA:0,(anonymous_7)
FNDA:0,(anonymous_8)
FNDA:0,(anonymous_9)
DA:1,0
DA:2,0
DA:3,0
DA:5,0
DA:6,0
DA:7,0
DA:8,0
DA:9,0
DA:11,0
DA:12,0
DA:14,0
DA:16,0
DA:17,0
DA:18,0
DA:19,0
DA:20,0
DA:22,0
DA:23,0
DA:24,0
DA:26,0
DA:28,0
DA:29,0
DA:30,0
DA:32,0
DA:33,0
DA:38,0
DA:39,0
DA:40,0
DA:41,0
DA:42,0
DA:44,0
DA:47,0
DA:48,0
DA:49,0
DA:51,0
DA:52,0
DA:57,0
LF:37
LH:0
BRDA:26,0,0,0
BRDA:26,1,0,0
BRDA:26,1,1,0
BRDA:32,2,0,0
BRDA:39,3,0,0
BRDA:40,4,0,0
BRDA:40,4,1,0
BRDA:44,5,0,0
BRDA:44,5,1,0
BRDA:51,6,0,0
BRDA:60,7,0,0
BRDA:60,7,1,0
BRDA:61,8,0,0
BRDA:61,8,1,0
BRF:14
BRH:0
end_of_record
TN:
SF:renderer/src/components/unit/chat/create/CreateOpenChat.presenter.tsx
FN:21,(anonymous_0)
FN:29,(anonymous_6)
FN:64,(anonymous_7)
FN:76,(anonymous_8)
FNF:4
FNH:0
FNDA:0,(anonymous_0)
FNDA:0,(anonymous_6)
FNDA:0,(anonymous_7)
FNDA:0,(anonymous_8)
DA:2,0
DA:3,0
DA:4,0
DA:5,0
DA:7,0
DA:8,0
DA:10,0
DA:11,0
DA:21,0
DA:28,0
DA:30,0
DA:39,0
DA:65,0
DA:77,0
LF:14
LH:0
BRF:0
BRH:0
end_of_record
TN:
SF:renderer/src/components/unit/setting/Setting.container.tsx
FN:6,(anonymous_0)
FN:10,(anonymous_2)
FNF:2
FNH:0
FNDA:0,(anonymous_0)
FNDA:0,(anonymous_2)
DA:1,0
DA:2,0
DA:3,0
DA:4,0
DA:6,0
DA:7,0
DA:8,0
DA:10,0
DA:11,0
DA:12,0
DA:14,0
LF:11
LH:0
BRF:0
BRH:0
end_of_record
TN:
SF:renderer/src/components/unit/users/UserList.container.tsx
FN:8,(anonymous_0)
FN:16,(anonymous_3)
FN:16,(anonymous_4)
FN:28,(anonymous_5)
FNF:4
FNH:0
FNDA:0,(anonymous_0)
FNDA:0,(anonymous_3)
FNDA:0,(anonymous_4)
FNDA:0,(anonymous_5)
DA:1,0
DA:2,0
DA:3,0
DA:4,0
DA:5,0
DA:6,0
DA:8,0
DA:9,0
DA:10,0
DA:11,0
DA:12,0
DA:13,0
DA:16,0
DA:17,0
DA:18,0
DA:20,0
DA:22,0
DA:23,0
DA:28,0
DA:29,0
DA:30,0
DA:32,0
DA:33,0
DA:38,0
LF:24
LH:0
BRDA:22,0,0,0
BRDA:32,1,0,0
BRF:2
BRH:0
end_of_record
TN:
SF:renderer/src/components/unit/users/UserList.presenter.tsx
FN:15,(anonymous_0)
FN:27,(anonymous_6)
FNF:2
FNH:0
FNDA:0,(anonymous_0)
FNDA:0,(anonymous_6)
DA:1,0
DA:3,0
DA:8,0
DA:9,0
DA:15,0
DA:19,0
DA:28,0
LF:7
LH:0
BRDA:27,0,0,0
BRDA:27,0,1,0
BRF:2
BRH:0
end_of_record
