TN:
SF:renderer/src/commons/contexts/AlertMessageContext.tsx
FN:28,(anonymous_1)
FN:28,(anonymous_2)
FN:28,(anonymous_3)
FN:4,(anonymous_5)
FN:11,(anonymous_6)
FN:31,(anonymous_7)
FN:32,(anonymous_8)
FNF:7
FNH:7
FNDA:7,(anonymous_1)
FNDA:9,(anonymous_2)
FNDA:25,(anonymous_3)
FNDA:8,(anonymous_5)
FNDA:1,(anonymous_6)
FNDA:8,(anonymous_7)
FNDA:8,(anonymous_8)
DA:1,1
DA:2,1
DA:4,1
DA:5,8
DA:11,8
DA:15,1
DA:22,8
DA:28,25
DA:29,1
DA:31,8
DA:32,8
LF:11
LH:11
BRF:0
BRH:0
end_of_record
TN:
SF:renderer/src/commons/contexts/AuthContext.tsx
FN:39,(anonymous_1)
FN:40,(anonymous_2)
FN:41,(anonymous_3)
FN:42,(anonymous_4)
FN:43,(anonymous_5)
FN:44,(anonymous_6)
FN:15,(anonymous_8)
FN:18,(anonymous_9)
FN:20,(anonymous_10)
FN:22,(anonymous_11)
FN:25,(anonymous_12)
FN:27,(anonymous_13)
FN:47,(anonymous_14)
FN:48,(anonymous_15)
FN:49,(anonymous_16)
FN:50,(anonymous_17)
FN:51,(anonymous_18)
FNF:17
FNH:9
FNDA:7,(anonymous_1)
FNDA:25,(anonymous_2)
FNDA:0,(anonymous_3)
FNDA:0,(anonymous_4)
FNDA:0,(anonymous_5)
FNDA:0,(anonymous_6)
FNDA:7,(anonymous_8)
FNDA:3,(anonymous_9)
FNDA:0,(anonymous_10)
FNDA:0,(anonymous_11)
FNDA:0,(anonymous_12)
FNDA:0,(anonymous_13)
FNDA:7,(anonymous_14)
FNDA:7,(anonymous_15)
FNDA:7,(anonymous_16)
FNDA:7,(anonymous_17)
FNDA:7,(anonymous_18)
DA:1,1
DA:15,1
DA:18,7
DA:20,7
DA:22,7
DA:23,0
DA:25,7
DA:27,7
DA:29,7
DA:39,7
DA:40,25
DA:41,0
DA:42,0
DA:43,0
DA:44,0
DA:45,1
DA:47,7
DA:48,7
DA:49,7
DA:50,7
DA:51,7
LF:21
LH:16
BRF:0
BRH:0
end_of_record
TN:
SF:renderer/src/commons/utils/yupSchema.ts
FN:13,(anonymous_1)
FN:21,(anonymous_2)
FNF:2
FNH:1
FNDA:25,(anonymous_1)
FNDA:0,(anonymous_2)
DA:10,1
DA:11,1
DA:13,25
DA:21,1
LF:4
LH:4
BRF:0
BRH:0
end_of_record
TN:
SF:renderer/src/components/common/alert/AlertMessage.tsx
FN:6,(anonymous_0)
FN:11,(anonymous_2)
FNF:2
FNH:2
FNDA:16,(anonymous_0)
FNDA:8,(anonymous_2)
DA:2,1
DA:3,1
DA:4,1
DA:6,7
DA:7,9
DA:9,9
DA:11,9
DA:12,8
DA:13,1
DA:20,9
LF:10
LH:10
BRDA:12,0,0,1
BRF:1
BRH:1
end_of_record
TN:
SF:renderer/src/components/unit/auth/login/Login.container.tsx
FN:23,(anonymous_0)
FN:33,(anonymous_6)
FNF:2
FNH:2
FNDA:32,(anonymous_0)
FNDA:3,(anonymous_6)
DA:1,1
DA:2,1
DA:3,1
DA:5,1
DA:6,1
DA:7,1
DA:8,1
DA:9,1
DA:10,1
DA:11,1
DA:15,1
DA:16,1
DA:20,1
DA:21,1
DA:23,7
DA:24,25
DA:29,25
DA:30,25
DA:31,25
DA:33,25
DA:34,3
DA:35,3
DA:36,2
DA:38,1
DA:39,1
DA:44,25
LF:26
LH:26
BRDA:38,0,0,1
BRDA:56,1,0,25
BRDA:56,1,1,19
BRDA:68,2,0,25
BRDA:68,2,1,20
BRF:5
BRH:5
end_of_record
TN:
SF:renderer/src/components/unit/auth/register/RegisterUser.container.tsx
FN:23,(anonymous_0)
FN:33,(anonymous_6)
FNF:2
FNH:0
FNDA:0,(anonymous_0)
FNDA:0,(anonymous_6)
DA:1,0
DA:2,0
DA:4,0
DA:5,0
DA:6,0
DA:7,0
DA:8,0
DA:9,0
DA:13,0
DA:14,0
DA:20,0
DA:21,0
DA:23,0
DA:24,0
DA:29,0
DA:30,0
DA:31,0
DA:33,0
DA:34,0
DA:40,0
DA:41,0
DA:42,0
DA:43,0
DA:45,0
DA:46,0
DA:51,0
LF:26
LH:0
BRDA:45,0,0,0
BRDA:61,1,0,0
BRDA:61,1,1,0
BRDA:71,2,0,0
BRDA:71,2,1,0
BRDA:83,3,0,0
BRDA:83,3,1,0
BRDA:95,4,0,0
BRDA:95,4,1,0
BRF:9
BRH:0
end_of_record
